{"meta": {"format": 3, "version": "7.10.6", "timestamp": "2025-09-17T15:55:05.351029", "branch_coverage": false, "show_contexts": false}, "files": {"hpfracc/__init__.py": {"executed_lines": [1, 15, 16, 17, 18, 21, 22, 34, 35, 46, 47, 79, 80, 94, 95, 107, 108, 120, 121, 135, 136, 141], "summary": {"covered_lines": 21, "num_statements": 37, "percent_covered": 56.75675675675676, "percent_covered_display": "57", "missing_lines": 16, "excluded_lines": 0}, "missing_lines": [30, 31, 42, 43, 75, 76, 90, 91, 103, 104, 116, 117, 131, 132, 137, 138], "excluded_lines": [], "functions": {"": {"executed_lines": [1, 15, 16, 17, 18, 21, 22, 34, 35, 46, 47, 79, 80, 94, 95, 107, 108, 120, 121, 135, 136, 141], "summary": {"covered_lines": 21, "num_statements": 37, "percent_covered": 56.75675675675676, "percent_covered_display": "57", "missing_lines": 16, "excluded_lines": 0}, "missing_lines": [30, 31, 42, 43, 75, 76, 90, 91, 103, 104, 116, 117, 131, 132, 137, 138], "excluded_lines": []}}, "classes": {"": {"executed_lines": [1, 15, 16, 17, 18, 21, 22, 34, 35, 46, 47, 79, 80, 94, 95, 107, 108, 120, 121, 135, 136, 141], "summary": {"covered_lines": 21, "num_statements": 37, "percent_covered": 56.75675675675676, "percent_covered_display": "57", "missing_lines": 16, "excluded_lines": 0}, "missing_lines": [30, 31, 42, 43, 75, 76, 90, 91, 103, 104, 116, 117, 131, 132, 137, 138], "excluded_lines": []}}}, "hpfracc/algorithms/__init__.py": {"executed_lines": [1, 15, 28, 45, 56, 65, 78, 98], "summary": {"covered_lines": 7, "num_statements": 7, "percent_covered": 100.0, "percent_covered_display": "100", "missing_lines": 0, "excluded_lines": 0}, "missing_lines": [], "excluded_lines": [], "functions": {"": {"executed_lines": [1, 15, 28, 45, 56, 65, 78, 98], "summary": {"covered_lines": 7, "num_statements": 7, "percent_covered": 100.0, "percent_covered_display": "100", "missing_lines": 0, "excluded_lines": 0}, "missing_lines": [], "excluded_lines": []}}, "classes": {"": {"executed_lines": [1, 15, 28, 45, 56, 65, 78, 98], "summary": {"covered_lines": 7, "num_statements": 7, "percent_covered": 100.0, "percent_covered_display": "100", "missing_lines": 0, "excluded_lines": 0}, "missing_lines": [], "excluded_lines": []}}}, "hpfracc/algorithms/advanced_methods.py": {"executed_lines": [1, 14, 15, 16, 18, 19, 20, 23, 24, 33, 40, 41, 43, 45, 46, 47, 48, 50, 58, 59, 60, 66, 68, 69, 70, 75, 76, 77, 79, 80, 82, 84, 90, 91, 92, 95, 96, 97, 98, 101, 102, 105, 106, 107, 108, 111, 112, 114, 115, 116, 117, 119, 121, 122, 125, 127, 129, 135, 138, 139, 141, 142, 147, 148, 150, 152, 156, 157, 160, 161, 171, 177, 178, 182, 183, 186, 188, 197, 198, 199, 205, 207, 208, 209, 214, 215, 216, 218, 219, 223, 226, 230, 233, 236, 239, 241, 242, 245, 248, 251, 252, 253, 254, 256, 257, 258, 261, 263, 267, 268, 270, 278, 280, 281, 282, 283, 286, 287, 289, 290, 291, 292, 293, 295, 297, 299, 303, 304, 306, 307, 308, 309, 311, 312, 313, 314, 315, 317, 319, 322, 323, 332, 334, 335, 339, 340, 342, 349, 350, 351, 358, 360, 361, 362, 367, 368, 369, 371, 373, 379, 380, 382, 383, 384, 385, 388, 391, 392, 393, 394, 395, 398, 399, 407, 410, 411, 420, 426, 427, 431, 432, 434, 442, 443, 444, 450, 452, 453, 454, 459, 460, 461, 463, 465, 469, 470, 473, 474, 475, 476, 479, 482, 485, 486, 489, 492, 494, 497, 498, 505, 511, 512, 516, 517, 519, 542, 543, 544, 547, 550, 551, 554, 555, 557, 560, 561, 563, 565, 569, 571, 573, 576, 578, 580, 582, 586, 588, 589, 590, 591, 593, 595, 597, 599, 605, 606, 608, 610, 612, 614, 618, 619, 621, 622, 623, 625, 626, 628, 630, 632, 634, 641, 644, 645, 647, 651, 659, 660, 663, 671, 672, 675, 683, 684, 687, 695, 696, 703, 704, 706, 708, 711, 712, 714, 716, 719, 720, 722, 724, 727, 728, 730, 732, 735, 736, 738, 740, 747, 755, 756, 759, 767, 768, 771, 779, 780, 783, 791, 792], "summary": {"covered_lines": 298, "num_statements": 327, "percent_covered": 91.13149847094802, "percent_covered_display": "91", "missing_lines": 29, "excluded_lines": 0}, "missing_lines": [62, 63, 64, 65, 72, 180, 201, 202, 203, 204, 211, 234, 337, 353, 354, 355, 357, 364, 402, 403, 404, 405, 429, 446, 447, 448, 449, 456, 514], "excluded_lines": [], "functions": {"WeylDerivative.__init__": {"executed_lines": [40, 41, 43, 45, 46, 47, 48], "summary": {"covered_lines": 7, "num_statements": 7, "percent_covered": 100.0, "percent_covered_display": "100", "missing_lines": 0, "excluded_lines": 0}, "missing_lines": [], "excluded_lines": []}, "WeylDerivative.compute": {"executed_lines": [58, 59, 60, 66, 68, 69, 70, 75, 76, 77, 79, 80, 82], "summary": {"covered_lines": 13, "num_statements": 18, "percent_covered": 72.22222222222223, "percent_covered_display": "72", "missing_lines": 5, "excluded_lines": 0}, "missing_lines": [62, 63, 64, 65, 72], "excluded_lines": []}, "WeylDerivative._compute_serial": {"executed_lines": [90, 91, 92, 95, 96, 97, 98, 101, 102, 105, 106, 107, 108, 111, 112, 114, 115, 116, 117, 119, 121, 122, 125, 127], "summary": {"covered_lines": 24, "num_statements": 24, "percent_covered": 100.0, "percent_covered_display": "100", "missing_lines": 0, "excluded_lines": 0}, "missing_lines": [], "excluded_lines": []}, "WeylDerivative._compute_parallel": {"executed_lines": [135, 138, 139, 141, 142, 147, 148, 150], "summary": {"covered_lines": 8, "num_statements": 8, "percent_covered": 100.0, "percent_covered_display": "100", "missing_lines": 0, "excluded_lines": 0}, "missing_lines": [], "excluded_lines": []}, "WeylDerivative._process_chunk": {"executed_lines": [156, 157], "summary": {"covered_lines": 2, "num_statements": 2, "percent_covered": 100.0, "percent_covered_display": "100", "missing_lines": 0, "excluded_lines": 0}, "missing_lines": [], "excluded_lines": []}, "MarchaudDerivative.__init__": {"executed_lines": [177, 178, 182, 183, 186], "summary": {"covered_lines": 5, "num_statements": 6, "percent_covered": 83.33333333333333, "percent_covered_display": "83", "missing_lines": 1, "excluded_lines": 0}, "missing_lines": [180], "excluded_lines": []}, "MarchaudDerivative.compute": {"executed_lines": [197, 198, 199, 205, 207, 208, 209, 214, 215, 216, 218, 219, 223], "summary": {"covered_lines": 13, "num_statements": 18, "percent_covered": 72.22222222222223, "percent_covered_display": "72", "missing_lines": 5, "excluded_lines": 0}, "missing_lines": [201, 202, 203, 204, 211], "excluded_lines": []}, "MarchaudDerivative._compute_memory_optimized": {"executed_lines": [230, 233, 236, 239, 241, 242, 245, 248, 251, 252, 253, 254, 256, 257, 258, 261], "summary": {"covered_lines": 16, "num_statements": 17, "percent_covered": 94.11764705882354, "percent_covered_display": "94", "missing_lines": 1, "excluded_lines": 0}, "missing_lines": [234], "excluded_lines": []}, "MarchaudDerivative._process_marchaud_chunk": {"executed_lines": [267, 268], "summary": {"covered_lines": 2, "num_statements": 2, "percent_covered": 100.0, "percent_covered_display": "100", "missing_lines": 0, "excluded_lines": 0}, "missing_lines": [], "excluded_lines": []}, "MarchaudDerivative._compute_marchaud_segment": {"executed_lines": [278, 280, 281, 282, 283, 286, 287, 289, 290, 291, 292, 293, 295, 297], "summary": {"covered_lines": 14, "num_statements": 14, "percent_covered": 100.0, "percent_covered_display": "100", "missing_lines": 0, "excluded_lines": 0}, "missing_lines": [], "excluded_lines": []}, "MarchaudDerivative._compute_standard": {"executed_lines": [303, 304, 306, 307, 308, 309, 311, 312, 313, 314, 315, 317, 319], "summary": {"covered_lines": 13, "num_statements": 13, "percent_covered": 100.0, "percent_covered_display": "100", "missing_lines": 0, "excluded_lines": 0}, "missing_lines": [], "excluded_lines": []}, "HadamardDerivative.__init__": {"executed_lines": [334, 335, 339, 340], "summary": {"covered_lines": 4, "num_statements": 5, "percent_covered": 80.0, "percent_covered_display": "80", "missing_lines": 1, "excluded_lines": 0}, "missing_lines": [337], "excluded_lines": []}, "HadamardDerivative.compute": {"executed_lines": [349, 350, 351, 358, 360, 361, 362, 367, 368, 369, 371], "summary": {"covered_lines": 11, "num_statements": 16, "percent_covered": 68.75, "percent_covered_display": "69", "missing_lines": 5, "excluded_lines": 0}, "missing_lines": [353, 354, 355, 357, 364], "excluded_lines": []}, "HadamardDerivative._compute_hadamard": {"executed_lines": [379, 380, 382, 383, 384, 385, 388, 391, 392, 393, 394, 395, 398, 399, 407], "summary": {"covered_lines": 15, "num_statements": 19, "percent_covered": 78.94736842105263, "percent_covered_display": "79", "missing_lines": 4, "excluded_lines": 0}, "missing_lines": [402, 403, 404, 405], "excluded_lines": []}, "ReizFellerDerivative.__init__": {"executed_lines": [426, 427, 431, 432], "summary": {"covered_lines": 4, "num_statements": 5, "percent_covered": 80.0, "percent_covered_display": "80", "missing_lines": 1, "excluded_lines": 0}, "missing_lines": [429], "excluded_lines": []}, "ReizFellerDerivative.compute": {"executed_lines": [442, 443, 444, 450, 452, 453, 454, 459, 460, 461, 463], "summary": {"covered_lines": 11, "num_statements": 16, "percent_covered": 68.75, "percent_covered_display": "69", "missing_lines": 5, "excluded_lines": 0}, "missing_lines": [446, 447, 448, 449, 456], "excluded_lines": []}, "ReizFellerDerivative._compute_spectral": {"executed_lines": [469, 470, 473, 474, 475, 476, 479, 482, 485, 486, 489, 492, 494], "summary": {"covered_lines": 13, "num_statements": 13, "percent_covered": 100.0, "percent_covered_display": "100", "missing_lines": 0, "excluded_lines": 0}, "missing_lines": [], "excluded_lines": []}, "AdomianDecomposition.__init__": {"executed_lines": [511, 512, 516, 517], "summary": {"covered_lines": 4, "num_statements": 5, "percent_covered": 80.0, "percent_covered_display": "80", "missing_lines": 1, "excluded_lines": 0}, "missing_lines": [514], "excluded_lines": []}, "AdomianDecomposition.solve": {"executed_lines": [542, 543, 544, 547, 550, 551, 554, 555, 557, 560, 561, 563], "summary": {"covered_lines": 12, "num_statements": 12, "percent_covered": 100.0, "percent_covered_display": "100", "missing_lines": 0, "excluded_lines": 0}, "missing_lines": [], "excluded_lines": []}, "AdomianDecomposition._compute_terms_serial": {"executed_lines": [569, 571, 573, 576, 578, 580], "summary": {"covered_lines": 6, "num_statements": 6, "percent_covered": 100.0, "percent_covered_display": "100", "missing_lines": 0, "excluded_lines": 0}, "missing_lines": [], "excluded_lines": []}, "AdomianDecomposition._compute_terms_parallel": {"executed_lines": [586, 588, 589, 590, 591, 593, 595, 597], "summary": {"covered_lines": 8, "num_statements": 8, "percent_covered": 100.0, "percent_covered_display": "100", "missing_lines": 0, "excluded_lines": 0}, "missing_lines": [], "excluded_lines": []}, "AdomianDecomposition._compute_adomian_polynomial": {"executed_lines": [605, 606, 608, 610, 612], "summary": {"covered_lines": 5, "num_statements": 5, "percent_covered": 100.0, "percent_covered_display": "100", "missing_lines": 0, "excluded_lines": 0}, "missing_lines": [], "excluded_lines": []}, "AdomianDecomposition._compute_integral_term": {"executed_lines": [618, 619, 621, 622, 623, 625, 626, 628, 630, 632], "summary": {"covered_lines": 10, "num_statements": 10, "percent_covered": 100.0, "percent_covered_display": "100", "missing_lines": 0, "excluded_lines": 0}, "missing_lines": [], "excluded_lines": []}, "AdomianDecomposition._compute_single_term": {"executed_lines": [641, 644, 645, 647], "summary": {"covered_lines": 4, "num_statements": 4, "percent_covered": 100.0, "percent_covered_display": "100", "missing_lines": 0, "excluded_lines": 0}, "missing_lines": [], "excluded_lines": []}, "weyl_derivative": {"executed_lines": [659, 660], "summary": {"covered_lines": 2, "num_statements": 2, "percent_covered": 100.0, "percent_covered_display": "100", "missing_lines": 0, "excluded_lines": 0}, "missing_lines": [], "excluded_lines": []}, "marchaud_derivative": {"executed_lines": [671, 672], "summary": {"covered_lines": 2, "num_statements": 2, "percent_covered": 100.0, "percent_covered_display": "100", "missing_lines": 0, "excluded_lines": 0}, "missing_lines": [], "excluded_lines": []}, "hadamard_derivative": {"executed_lines": [683, 684], "summary": {"covered_lines": 2, "num_statements": 2, "percent_covered": 100.0, "percent_covered_display": "100", "missing_lines": 0, "excluded_lines": 0}, "missing_lines": [], "excluded_lines": []}, "reiz_feller_derivative": {"executed_lines": [695, 696], "summary": {"covered_lines": 2, "num_statements": 2, "percent_covered": 100.0, "percent_covered_display": "100", "missing_lines": 0, "excluded_lines": 0}, "missing_lines": [], "excluded_lines": []}, "OptimizedWeylDerivative.__init__": {"executed_lines": [708], "summary": {"covered_lines": 1, "num_statements": 1, "percent_covered": 100.0, "percent_covered_display": "100", "missing_lines": 0, "excluded_lines": 0}, "missing_lines": [], "excluded_lines": []}, "OptimizedMarchaudDerivative.__init__": {"executed_lines": [716], "summary": {"covered_lines": 1, "num_statements": 1, "percent_covered": 100.0, "percent_covered_display": "100", "missing_lines": 0, "excluded_lines": 0}, "missing_lines": [], "excluded_lines": []}, "OptimizedHadamardDerivative.__init__": {"executed_lines": [724], "summary": {"covered_lines": 1, "num_statements": 1, "percent_covered": 100.0, "percent_covered_display": "100", "missing_lines": 0, "excluded_lines": 0}, "missing_lines": [], "excluded_lines": []}, "OptimizedReizFellerDerivative.__init__": {"executed_lines": [732], "summary": {"covered_lines": 1, "num_statements": 1, "percent_covered": 100.0, "percent_covered_display": "100", "missing_lines": 0, "excluded_lines": 0}, "missing_lines": [], "excluded_lines": []}, "OptimizedAdomianDecomposition.__init__": {"executed_lines": [740], "summary": {"covered_lines": 1, "num_statements": 1, "percent_covered": 100.0, "percent_covered_display": "100", "missing_lines": 0, "excluded_lines": 0}, "missing_lines": [], "excluded_lines": []}, "optimized_weyl_derivative": {"executed_lines": [755, 756], "summary": {"covered_lines": 2, "num_statements": 2, "percent_covered": 100.0, "percent_covered_display": "100", "missing_lines": 0, "excluded_lines": 0}, "missing_lines": [], "excluded_lines": []}, "optimized_marchaud_derivative": {"executed_lines": [767, 768], "summary": {"covered_lines": 2, "num_statements": 2, "percent_covered": 100.0, "percent_covered_display": "100", "missing_lines": 0, "excluded_lines": 0}, "missing_lines": [], "excluded_lines": []}, "optimized_hadamard_derivative": {"executed_lines": [779, 780], "summary": {"covered_lines": 2, "num_statements": 2, "percent_covered": 100.0, "percent_covered_display": "100", "missing_lines": 0, "excluded_lines": 0}, "missing_lines": [], "excluded_lines": []}, "optimized_reiz_feller_derivative": {"executed_lines": [791, 792], "summary": {"covered_lines": 2, "num_statements": 2, "percent_covered": 100.0, "percent_covered_display": "100", "missing_lines": 0, "excluded_lines": 0}, "missing_lines": [], "excluded_lines": []}, "": {"executed_lines": [1, 14, 15, 16, 18, 19, 20, 23, 24, 33, 50, 84, 129, 152, 160, 161, 171, 188, 226, 263, 270, 299, 322, 323, 332, 342, 373, 410, 411, 420, 434, 465, 497, 498, 505, 519, 565, 582, 599, 614, 634, 651, 663, 675, 687, 703, 704, 706, 711, 712, 714, 719, 720, 722, 727, 728, 730, 735, 736, 738, 747, 759, 771, 783], "summary": {"covered_lines": 53, "num_statements": 53, "percent_covered": 100.0, "percent_covered_display": "100", "missing_lines": 0, "excluded_lines": 0}, "missing_lines": [], "excluded_lines": []}}, "classes": {"WeylDerivative": {"executed_lines": [40, 41, 43, 45, 46, 47, 48, 58, 59, 60, 66, 68, 69, 70, 75, 76, 77, 79, 80, 82, 90, 91, 92, 95, 96, 97, 98, 101, 102, 105, 106, 107, 108, 111, 112, 114, 115, 116, 117, 119, 121, 122, 125, 127, 135, 138, 139, 141, 142, 147, 148, 150, 156, 157], "summary": {"covered_lines": 54, "num_statements": 59, "percent_covered": 91.52542372881356, "percent_covered_display": "92", "missing_lines": 5, "excluded_lines": 0}, "missing_lines": [62, 63, 64, 65, 72], "excluded_lines": []}, "MarchaudDerivative": {"executed_lines": [177, 178, 182, 183, 186, 197, 198, 199, 205, 207, 208, 209, 214, 215, 216, 218, 219, 223, 230, 233, 236, 239, 241, 242, 245, 248, 251, 252, 253, 254, 256, 257, 258, 261, 267, 268, 278, 280, 281, 282, 283, 286, 287, 289, 290, 291, 292, 293, 295, 297, 303, 304, 306, 307, 308, 309, 311, 312, 313, 314, 315, 317, 319], "summary": {"covered_lines": 63, "num_statements": 70, "percent_covered": 90.0, "percent_covered_display": "90", "missing_lines": 7, "excluded_lines": 0}, "missing_lines": [180, 201, 202, 203, 204, 211, 234], "excluded_lines": []}, "HadamardDerivative": {"executed_lines": [334, 335, 339, 340, 349, 350, 351, 358, 360, 361, 362, 367, 368, 369, 371, 379, 380, 382, 383, 384, 385, 388, 391, 392, 393, 394, 395, 398, 399, 407], "summary": {"covered_lines": 30, "num_statements": 40, "percent_covered": 75.0, "percent_covered_display": "75", "missing_lines": 10, "excluded_lines": 0}, "missing_lines": [337, 353, 354, 355, 357, 364, 402, 403, 404, 405], "excluded_lines": []}, "ReizFellerDerivative": {"executed_lines": [426, 427, 431, 432, 442, 443, 444, 450, 452, 453, 454, 459, 460, 461, 463, 469, 470, 473, 474, 475, 476, 479, 482, 485, 486, 489, 492, 494], "summary": {"covered_lines": 28, "num_statements": 34, "percent_covered": 82.3529411764706, "percent_covered_display": "82", "missing_lines": 6, "excluded_lines": 0}, "missing_lines": [429, 446, 447, 448, 449, 456], "excluded_lines": []}, "AdomianDecomposition": {"executed_lines": [511, 512, 516, 517, 542, 543, 544, 547, 550, 551, 554, 555, 557, 560, 561, 563, 569, 571, 573, 576, 578, 580, 586, 588, 589, 590, 591, 593, 595, 597, 605, 606, 608, 610, 612, 618, 619, 621, 622, 623, 625, 626, 628, 630, 632, 641, 644, 645, 647], "summary": {"covered_lines": 49, "num_statements": 50, "percent_covered": 98.0, "percent_covered_display": "98", "missing_lines": 1, "excluded_lines": 0}, "missing_lines": [514], "excluded_lines": []}, "OptimizedWeylDerivative": {"executed_lines": [708], "summary": {"covered_lines": 1, "num_statements": 1, "percent_covered": 100.0, "percent_covered_display": "100", "missing_lines": 0, "excluded_lines": 0}, "missing_lines": [], "excluded_lines": []}, "OptimizedMarchaudDerivative": {"executed_lines": [716], "summary": {"covered_lines": 1, "num_statements": 1, "percent_covered": 100.0, "percent_covered_display": "100", "missing_lines": 0, "excluded_lines": 0}, "missing_lines": [], "excluded_lines": []}, "OptimizedHadamardDerivative": {"executed_lines": [724], "summary": {"covered_lines": 1, "num_statements": 1, "percent_covered": 100.0, "percent_covered_display": "100", "missing_lines": 0, "excluded_lines": 0}, "missing_lines": [], "excluded_lines": []}, "OptimizedReizFellerDerivative": {"executed_lines": [732], "summary": {"covered_lines": 1, "num_statements": 1, "percent_covered": 100.0, "percent_covered_display": "100", "missing_lines": 0, "excluded_lines": 0}, "missing_lines": [], "excluded_lines": []}, "OptimizedAdomianDecomposition": {"executed_lines": [740], "summary": {"covered_lines": 1, "num_statements": 1, "percent_covered": 100.0, "percent_covered_display": "100", "missing_lines": 0, "excluded_lines": 0}, "missing_lines": [], "excluded_lines": []}, "": {"executed_lines": [1, 14, 15, 16, 18, 19, 20, 23, 24, 33, 50, 84, 129, 152, 160, 161, 171, 188, 226, 263, 270, 299, 322, 323, 332, 342, 373, 410, 411, 420, 434, 465, 497, 498, 505, 519, 565, 582, 599, 614, 634, 651, 659, 660, 663, 671, 672, 675, 683, 684, 687, 695, 696, 703, 704, 706, 711, 712, 714, 719, 720, 722, 727, 728, 730, 735, 736, 738, 747, 755, 756, 759, 767, 768, 771, 779, 780, 783, 791, 792], "summary": {"covered_lines": 69, "num_statements": 69, "percent_covered": 100.0, "percent_covered_display": "100", "missing_lines": 0, "excluded_lines": 0}, "missing_lines": [], "excluded_lines": []}}}, "hpfracc/algorithms/gpu_optimized_methods.py": {"executed_lines": [1, 15, 16, 17, 18, 19, 22, 23, 24, 25, 26, 28, 33, 34, 36, 41, 42, 45, 46, 48, 57, 58, 59, 60, 61, 62, 65, 66, 67, 68, 69, 74, 82, 83, 94, 100, 101, 103, 105, 106, 107, 110, 112, 114, 115, 116, 117, 119, 121, 122, 124, 125, 133, 136, 143, 144, 145, 147, 148, 151, 152, 153, 158, 159, 161, 163, 164, 167, 172, 173, 175, 177, 179, 182, 207, 214, 217, 224, 225, 227, 229, 231, 232, 233, 234, 239, 240, 242, 243, 246, 248, 249, 250, 251, 255, 260, 261, 264, 267, 271, 273, 278, 279, 281, 284, 285, 291, 292, 293, 295, 296, 299, 300, 301, 306, 307, 309, 311, 312, 315, 318, 320, 321, 324, 326, 330, 332, 333, 335, 393, 394, 403, 409, 410, 412, 414, 415, 416, 418, 419, 421, 423, 425, 426, 428, 429, 432, 433, 441, 444, 448, 449, 453, 458, 461, 466, 468, 470, 472, 480, 483, 490, 491, 493, 495, 496, 497, 498, 506, 507, 509, 510, 513, 522, 524, 525, 526, 528, 538, 539, 548, 554, 555, 557, 559, 560, 561, 562, 564, 566, 568, 569, 571, 572, 575, 576, 580, 584, 585, 589, 593, 598, 601, 602, 603, 606, 613, 616, 619, 621, 623, 625, 632, 635, 642, 643, 645, 647, 648, 649, 654, 655, 657, 658, 661, 670, 673, 676, 677, 679, 680, 682, 686, 687, 691, 692, 694, 695, 698, 699, 701, 712, 713, 723, 725, 726, 727, 729, 731, 733, 734, 735, 736, 746, 747, 748, 749, 753, 755, 762, 787, 805, 813, 817, 830, 842, 879, 880, 887, 888, 917, 918, 947, 948, 979, 980, 987, 995, 998, 999, 1002, 1006, 1008, 1011, 1033, 1060, 1082], "summary": {"covered_lines": 279, "num_statements": 440, "percent_covered": 63.40909090909091, "percent_covered_display": "63", "missing_lines": 161, "excluded_lines": 0}, "missing_lines": [29, 30, 31, 37, 38, 39, 71, 218, 219, 220, 221, 222, 236, 253, 349, 350, 353, 354, 357, 360, 361, 363, 364, 365, 368, 369, 370, 373, 374, 376, 377, 378, 379, 382, 383, 384, 386, 388, 390, 484, 485, 486, 487, 488, 500, 503, 515, 516, 517, 518, 520, 532, 534, 535, 636, 637, 638, 639, 640, 651, 663, 664, 665, 666, 668, 688, 706, 708, 709, 743, 744, 750, 751, 757, 758, 760, 767, 769, 772, 773, 774, 776, 777, 778, 780, 782, 783, 785, 792, 793, 794, 795, 796, 797, 798, 799, 801, 814, 826, 827, 838, 839, 850, 853, 855, 856, 857, 860, 861, 862, 865, 866, 868, 908, 909, 911, 912, 914, 915, 938, 939, 941, 942, 944, 945, 968, 969, 971, 972, 974, 975, 996, 1003, 1007, 1009, 1025, 1028, 1029, 1031, 1048, 1051, 1052, 1056, 1078, 1079, 1102, 1103, 1106, 1107, 1108, 1111, 1112, 1113, 1114, 1115, 1116, 1117, 1119, 1122, 1123, 1125], "excluded_lines": [], "functions": {"GPUConfig.__init__": {"executed_lines": [57, 58, 59, 60, 61, 62, 65, 66, 67, 68, 69, 74], "summary": {"covered_lines": 12, "num_statements": 13, "percent_covered": 92.3076923076923, "percent_covered_display": "92", "missing_lines": 1, "excluded_lines": 0}, "missing_lines": [71], "excluded_lines": []}, "GPUOptimizedRiemannLiouville.__init__": {"executed_lines": [100, 101, 103, 105, 106, 107, 110], "summary": {"covered_lines": 7, "num_statements": 7, "percent_covered": 100.0, "percent_covered_display": "100", "missing_lines": 0, "excluded_lines": 0}, "missing_lines": [], "excluded_lines": []}, "GPUOptimizedRiemannLiouville._compile_gpu_kernels": {"executed_lines": [114, 115, 116, 117], "summary": {"covered_lines": 4, "num_statements": 4, "percent_covered": 100.0, "percent_covered_display": "100", "missing_lines": 0, "excluded_lines": 0}, "missing_lines": [], "excluded_lines": []}, "GPUOptimizedRiemannLiouville._compile_jax_kernels": {"executed_lines": [121, 122, 124, 125, 177], "summary": {"covered_lines": 5, "num_statements": 5, "percent_covered": 100.0, "percent_covered_display": "100", "missing_lines": 0, "excluded_lines": 0}, "missing_lines": [], "excluded_lines": []}, "GPUOptimizedRiemannLiouville._compile_jax_kernels.jax_fft_convolution": {"executed_lines": [133, 136, 143, 144, 145, 147, 148, 151, 152, 153, 158, 159, 161, 163, 164, 167, 172, 173, 175], "summary": {"covered_lines": 19, "num_statements": 19, "percent_covered": 100.0, "percent_covered_display": "100", "missing_lines": 0, "excluded_lines": 0}, "missing_lines": [], "excluded_lines": []}, "GPUOptimizedRiemannLiouville._compile_cupy_kernels": {"executed_lines": [182], "summary": {"covered_lines": 1, "num_statements": 1, "percent_covered": 100.0, "percent_covered_display": "100", "missing_lines": 0, "excluded_lines": 0}, "missing_lines": [], "excluded_lines": []}, "GPUOptimizedRiemannLiouville.compute": {"executed_lines": [214, 217, 224, 225, 227, 229, 231, 232, 233, 234, 239, 240, 242, 243, 246, 248, 249, 250, 251], "summary": {"covered_lines": 19, "num_statements": 26, "percent_covered": 73.07692307692308, "percent_covered_display": "73", "missing_lines": 7, "excluded_lines": 0}, "missing_lines": [218, 219, 220, 221, 222, 236, 253], "excluded_lines": []}, "GPUOptimizedRiemannLiouville._compute_jax": {"executed_lines": [260, 261, 264, 267, 271], "summary": {"covered_lines": 5, "num_statements": 5, "percent_covered": 100.0, "percent_covered_display": "100", "missing_lines": 0, "excluded_lines": 0}, "missing_lines": [], "excluded_lines": []}, "GPUOptimizedRiemannLiouville._compute_cupy": {"executed_lines": [278, 279, 281, 284, 285, 291, 292, 293, 295, 296, 299, 300, 301, 306, 307, 309, 311, 312, 315, 318, 320, 321, 324], "summary": {"covered_lines": 23, "num_statements": 23, "percent_covered": 100.0, "percent_covered_display": "100", "missing_lines": 0, "excluded_lines": 0}, "missing_lines": [], "excluded_lines": []}, "GPUOptimizedRiemannLiouville._compute_cpu_fallback": {"executed_lines": [330, 332, 333], "summary": {"covered_lines": 3, "num_statements": 3, "percent_covered": 100.0, "percent_covered_display": "100", "missing_lines": 0, "excluded_lines": 0}, "missing_lines": [], "excluded_lines": []}, "GPUOptimizedRiemannLiouville._memory_efficient_compute": {"executed_lines": [], "summary": {"covered_lines": 0, "num_statements": 25, "percent_covered": 0.0, "percent_covered_display": "0", "missing_lines": 25, "excluded_lines": 0}, "missing_lines": [349, 350, 353, 354, 357, 360, 361, 363, 364, 365, 368, 369, 370, 373, 374, 376, 377, 378, 379, 382, 383, 384, 386, 388, 390], "excluded_lines": []}, "GPUOptimizedCaputo.__init__": {"executed_lines": [409, 410, 412, 414, 415, 416, 418, 419], "summary": {"covered_lines": 8, "num_statements": 8, "percent_covered": 100.0, "percent_covered_display": "100", "missing_lines": 0, "excluded_lines": 0}, "missing_lines": [], "excluded_lines": []}, "GPUOptimizedCaputo._compile_gpu_kernels": {"executed_lines": [423, 425, 426, 470], "summary": {"covered_lines": 4, "num_statements": 4, "percent_covered": 100.0, "percent_covered_display": "100", "missing_lines": 0, "excluded_lines": 0}, "missing_lines": [], "excluded_lines": []}, "GPUOptimizedCaputo._compile_gpu_kernels.jax_l1_scheme": {"executed_lines": [428, 429, 432, 433, 441, 444, 448, 449, 453, 458, 461, 466, 468], "summary": {"covered_lines": 13, "num_statements": 13, "percent_covered": 100.0, "percent_covered_display": "100", "missing_lines": 0, "excluded_lines": 0}, "missing_lines": [], "excluded_lines": []}, "GPUOptimizedCaputo.compute": {"executed_lines": [480, 483, 490, 491, 493, 495, 496, 497, 498, 506, 507, 509, 510, 513], "summary": {"covered_lines": 14, "num_statements": 26, "percent_covered": 53.84615384615385, "percent_covered_display": "54", "missing_lines": 12, "excluded_lines": 0}, "missing_lines": [484, 485, 486, 487, 488, 500, 503, 515, 516, 517, 518, 520], "excluded_lines": []}, "GPUOptimizedCaputo._compute_jax_l1": {"executed_lines": [524, 525, 526], "summary": {"covered_lines": 3, "num_statements": 3, "percent_covered": 100.0, "percent_covered_display": "100", "missing_lines": 0, "excluded_lines": 0}, "missing_lines": [], "excluded_lines": []}, "GPUOptimizedCaputo._compute_cpu_fallback": {"executed_lines": [], "summary": {"covered_lines": 0, "num_statements": 3, "percent_covered": 0.0, "percent_covered_display": "0", "missing_lines": 3, "excluded_lines": 0}, "missing_lines": [532, 534, 535], "excluded_lines": []}, "GPUOptimizedGrunwaldLetnikov.__init__": {"executed_lines": [554, 555, 557, 559, 560, 561, 562], "summary": {"covered_lines": 7, "num_statements": 7, "percent_covered": 100.0, "percent_covered_display": "100", "missing_lines": 0, "excluded_lines": 0}, "missing_lines": [], "excluded_lines": []}, "GPUOptimizedGrunwaldLetnikov._compile_gpu_kernels": {"executed_lines": [566, 568, 569, 623], "summary": {"covered_lines": 4, "num_statements": 4, "percent_covered": 100.0, "percent_covered_display": "100", "missing_lines": 0, "excluded_lines": 0}, "missing_lines": [], "excluded_lines": []}, "GPUOptimizedGrunwaldLetnikov._compile_gpu_kernels.jax_grunwald_letnikov": {"executed_lines": [571, 572, 575, 576, 580, 584, 585, 589, 593, 598, 601, 602, 603, 606, 613, 616, 619, 621], "summary": {"covered_lines": 18, "num_statements": 18, "percent_covered": 100.0, "percent_covered_display": "100", "missing_lines": 0, "excluded_lines": 0}, "missing_lines": [], "excluded_lines": []}, "GPUOptimizedGrunwaldLetnikov.compute": {"executed_lines": [632, 635, 642, 643, 645, 647, 648, 649, 654, 655, 657, 658, 661], "summary": {"covered_lines": 13, "num_statements": 24, "percent_covered": 54.166666666666664, "percent_covered_display": "54", "missing_lines": 11, "excluded_lines": 0}, "missing_lines": [636, 637, 638, 639, 640, 651, 663, 664, 665, 666, 668], "excluded_lines": []}, "GPUOptimizedGrunwaldLetnikov._compute_jax": {"executed_lines": [673, 676, 677, 679, 680], "summary": {"covered_lines": 5, "num_statements": 5, "percent_covered": 100.0, "percent_covered_display": "100", "missing_lines": 0, "excluded_lines": 0}, "missing_lines": [], "excluded_lines": []}, "GPUOptimizedGrunwaldLetnikov._fast_binomial_coefficients_jax": {"executed_lines": [686, 687, 691, 692, 694, 695, 698, 699], "summary": {"covered_lines": 8, "num_statements": 9, "percent_covered": 88.88888888888889, "percent_covered_display": "89", "missing_lines": 1, "excluded_lines": 0}, "missing_lines": [688], "excluded_lines": []}, "GPUOptimizedGrunwaldLetnikov._compute_cpu_fallback": {"executed_lines": [], "summary": {"covered_lines": 0, "num_statements": 3, "percent_covered": 0.0, "percent_covered_display": "0", "missing_lines": 3, "excluded_lines": 0}, "missing_lines": [706, 708, 709], "excluded_lines": []}, "MultiGPUManager.__init__": {"executed_lines": [725, 726, 727], "summary": {"covered_lines": 3, "num_statements": 3, "percent_covered": 100.0, "percent_covered_display": "100", "missing_lines": 0, "excluded_lines": 0}, "missing_lines": [], "excluded_lines": []}, "MultiGPUManager._detect_gpus": {"executed_lines": [731, 733, 734, 735, 736, 746, 747, 748, 749, 753], "summary": {"covered_lines": 10, "num_statements": 14, "percent_covered": 71.42857142857143, "percent_covered_display": "71", "missing_lines": 4, "excluded_lines": 0}, "missing_lines": [743, 744, 750, 751], "excluded_lines": []}, "MultiGPUManager.get_optimal_gpu": {"executed_lines": [], "summary": {"covered_lines": 0, "num_statements": 3, "percent_covered": 0.0, "percent_covered_display": "0", "missing_lines": 3, "excluded_lines": 0}, "missing_lines": [757, 758, 760], "excluded_lines": []}, "MultiGPUManager.distribute_computation": {"executed_lines": [], "summary": {"covered_lines": 0, "num_statements": 12, "percent_covered": 0.0, "percent_covered_display": "0", "missing_lines": 12, "excluded_lines": 0}, "missing_lines": [767, 769, 772, 773, 774, 776, 777, 778, 780, 782, 783, 785], "excluded_lines": []}, "MultiGPUManager._compute_on_gpu": {"executed_lines": [], "summary": {"covered_lines": 0, "num_statements": 9, "percent_covered": 0.0, "percent_covered_display": "0", "missing_lines": 9, "excluded_lines": 0}, "missing_lines": [792, 793, 794, 795, 796, 797, 798, 799, 801], "excluded_lines": []}, "gpu_optimized_riemann_liouville": {"executed_lines": [813], "summary": {"covered_lines": 1, "num_statements": 2, "percent_covered": 50.0, "percent_covered_display": "50", "missing_lines": 1, "excluded_lines": 0}, "missing_lines": [814], "excluded_lines": []}, "gpu_optimized_caputo": {"executed_lines": [], "summary": {"covered_lines": 0, "num_statements": 2, "percent_covered": 0.0, "percent_covered_display": "0", "missing_lines": 2, "excluded_lines": 0}, "missing_lines": [826, 827], "excluded_lines": []}, "gpu_optimized_grunwald_letnikov": {"executed_lines": [], "summary": {"covered_lines": 0, "num_statements": 2, "percent_covered": 0.0, "percent_covered_display": "0", "missing_lines": 2, "excluded_lines": 0}, "missing_lines": [838, 839], "excluded_lines": []}, "benchmark_gpu_vs_cpu": {"executed_lines": [], "summary": {"covered_lines": 0, "num_statements": 11, "percent_covered": 0.0, "percent_covered_display": "0", "missing_lines": 11, "excluded_lines": 0}, "missing_lines": [850, 853, 855, 856, 857, 860, 861, 862, 865, 866, 868], "excluded_lines": []}, "JAXAutomaticDifferentiation.gradient_wrt_alpha": {"executed_lines": [], "summary": {"covered_lines": 0, "num_statements": 5, "percent_covered": 0.0, "percent_covered_display": "0", "missing_lines": 5, "excluded_lines": 0}, "missing_lines": [908, 909, 911, 914, 915], "excluded_lines": []}, "JAXAutomaticDifferentiation.gradient_wrt_alpha.simple_derivative": {"executed_lines": [], "summary": {"covered_lines": 0, "num_statements": 1, "percent_covered": 0.0, "percent_covered_display": "0", "missing_lines": 1, "excluded_lines": 0}, "missing_lines": [912], "excluded_lines": []}, "JAXAutomaticDifferentiation.jacobian_wrt_function": {"executed_lines": [], "summary": {"covered_lines": 0, "num_statements": 5, "percent_covered": 0.0, "percent_covered_display": "0", "missing_lines": 5, "excluded_lines": 0}, "missing_lines": [938, 939, 941, 944, 945], "excluded_lines": []}, "JAXAutomaticDifferentiation.jacobian_wrt_function.simple_derivative": {"executed_lines": [], "summary": {"covered_lines": 0, "num_statements": 1, "percent_covered": 0.0, "percent_covered_display": "0", "missing_lines": 1, "excluded_lines": 0}, "missing_lines": [942], "excluded_lines": []}, "JAXAutomaticDifferentiation.hessian_wrt_alpha": {"executed_lines": [], "summary": {"covered_lines": 0, "num_statements": 5, "percent_covered": 0.0, "percent_covered_display": "0", "missing_lines": 5, "excluded_lines": 0}, "missing_lines": [968, 969, 971, 974, 975], "excluded_lines": []}, "JAXAutomaticDifferentiation.hessian_wrt_alpha.simple_derivative": {"executed_lines": [], "summary": {"covered_lines": 0, "num_statements": 1, "percent_covered": 0.0, "percent_covered_display": "0", "missing_lines": 1, "excluded_lines": 0}, "missing_lines": [972], "excluded_lines": []}, "JAXOptimizer.__init__": {"executed_lines": [995, 998, 999, 1002, 1006, 1008], "summary": {"covered_lines": 6, "num_statements": 10, "percent_covered": 60.0, "percent_covered_display": "60", "missing_lines": 4, "excluded_lines": 0}, "missing_lines": [996, 1003, 1007, 1009], "excluded_lines": []}, "JAXOptimizer.optimize_fractional_derivative": {"executed_lines": [], "summary": {"covered_lines": 0, "num_statements": 4, "percent_covered": 0.0, "percent_covered_display": "0", "missing_lines": 4, "excluded_lines": 0}, "missing_lines": [1025, 1028, 1029, 1031], "excluded_lines": []}, "JAXOptimizer.create_gpu_kernel": {"executed_lines": [], "summary": {"covered_lines": 0, "num_statements": 4, "percent_covered": 0.0, "percent_covered_display": "0", "missing_lines": 4, "excluded_lines": 0}, "missing_lines": [1048, 1051, 1052, 1056], "excluded_lines": []}, "optimize_fractional_derivative_jax": {"executed_lines": [], "summary": {"covered_lines": 0, "num_statements": 2, "percent_covered": 0.0, "percent_covered_display": "0", "missing_lines": 2, "excluded_lines": 0}, "missing_lines": [1078, 1079], "excluded_lines": []}, "vectorize_fractional_derivatives": {"executed_lines": [], "summary": {"covered_lines": 0, "num_statements": 9, "percent_covered": 0.0, "percent_covered_display": "0", "missing_lines": 9, "excluded_lines": 0}, "missing_lines": [1102, 1103, 1106, 1107, 1108, 1111, 1122, 1123, 1125], "excluded_lines": []}, "vectorize_fractional_derivatives.vectorized_derivative": {"executed_lines": [], "summary": {"covered_lines": 0, "num_statements": 7, "percent_covered": 0.0, "percent_covered_display": "0", "missing_lines": 7, "excluded_lines": 0}, "missing_lines": [1112, 1113, 1114, 1115, 1116, 1117, 1119], "excluded_lines": []}, "": {"executed_lines": [1, 15, 16, 17, 18, 19, 22, 23, 24, 25, 26, 28, 33, 34, 36, 41, 42, 45, 46, 48, 82, 83, 94, 112, 119, 179, 207, 255, 273, 326, 335, 393, 394, 403, 421, 472, 522, 528, 538, 539, 548, 564, 625, 670, 682, 701, 712, 713, 723, 729, 755, 762, 787, 805, 817, 830, 842, 879, 880, 887, 888, 917, 918, 947, 948, 979, 980, 987, 1011, 1033, 1060, 1082], "summary": {"covered_lines": 64, "num_statements": 70, "percent_covered": 91.42857142857143, "percent_covered_display": "91", "missing_lines": 6, "excluded_lines": 0}, "missing_lines": [29, 30, 31, 37, 38, 39], "excluded_lines": []}}, "classes": {"GPUConfig": {"executed_lines": [57, 58, 59, 60, 61, 62, 65, 66, 67, 68, 69, 74], "summary": {"covered_lines": 12, "num_statements": 13, "percent_covered": 92.3076923076923, "percent_covered_display": "92", "missing_lines": 1, "excluded_lines": 0}, "missing_lines": [71], "excluded_lines": []}, "GPUOptimizedRiemannLiouville": {"executed_lines": [100, 101, 103, 105, 106, 107, 110, 114, 115, 116, 117, 121, 122, 124, 125, 133, 136, 143, 144, 145, 147, 148, 151, 152, 153, 158, 159, 161, 163, 164, 167, 172, 173, 175, 177, 182, 214, 217, 224, 225, 227, 229, 231, 232, 233, 234, 239, 240, 242, 243, 246, 248, 249, 250, 251, 260, 261, 264, 267, 271, 278, 279, 281, 284, 285, 291, 292, 293, 295, 296, 299, 300, 301, 306, 307, 309, 311, 312, 315, 318, 320, 321, 324, 330, 332, 333], "summary": {"covered_lines": 86, "num_statements": 118, "percent_covered": 72.88135593220339, "percent_covered_display": "73", "missing_lines": 32, "excluded_lines": 0}, "missing_lines": [218, 219, 220, 221, 222, 236, 253, 349, 350, 353, 354, 357, 360, 361, 363, 364, 365, 368, 369, 370, 373, 374, 376, 377, 378, 379, 382, 383, 384, 386, 388, 390], "excluded_lines": []}, "GPUOptimizedCaputo": {"executed_lines": [409, 410, 412, 414, 415, 416, 418, 419, 423, 425, 426, 428, 429, 432, 433, 441, 444, 448, 449, 453, 458, 461, 466, 468, 470, 480, 483, 490, 491, 493, 495, 496, 497, 498, 506, 507, 509, 510, 513, 524, 525, 526], "summary": {"covered_lines": 42, "num_statements": 57, "percent_covered": 73.6842105263158, "percent_covered_display": "74", "missing_lines": 15, "excluded_lines": 0}, "missing_lines": [484, 485, 486, 487, 488, 500, 503, 515, 516, 517, 518, 520, 532, 534, 535], "excluded_lines": []}, "GPUOptimizedGrunwaldLetnikov": {"executed_lines": [554, 555, 557, 559, 560, 561, 562, 566, 568, 569, 571, 572, 575, 576, 580, 584, 585, 589, 593, 598, 601, 602, 603, 606, 613, 616, 619, 621, 623, 632, 635, 642, 643, 645, 647, 648, 649, 654, 655, 657, 658, 661, 673, 676, 677, 679, 680, 686, 687, 691, 692, 694, 695, 698, 699], "summary": {"covered_lines": 55, "num_statements": 70, "percent_covered": 78.57142857142857, "percent_covered_display": "79", "missing_lines": 15, "excluded_lines": 0}, "missing_lines": [636, 637, 638, 639, 640, 651, 663, 664, 665, 666, 668, 688, 706, 708, 709], "excluded_lines": []}, "MultiGPUManager": {"executed_lines": [725, 726, 727, 731, 733, 734, 735, 736, 746, 747, 748, 749, 753], "summary": {"covered_lines": 13, "num_statements": 41, "percent_covered": 31.70731707317073, "percent_covered_display": "32", "missing_lines": 28, "excluded_lines": 0}, "missing_lines": [743, 744, 750, 751, 757, 758, 760, 767, 769, 772, 773, 774, 776, 777, 778, 780, 782, 783, 785, 792, 793, 794, 795, 796, 797, 798, 799, 801], "excluded_lines": []}, "JAXAutomaticDifferentiation": {"executed_lines": [], "summary": {"covered_lines": 0, "num_statements": 18, "percent_covered": 0.0, "percent_covered_display": "0", "missing_lines": 18, "excluded_lines": 0}, "missing_lines": [908, 909, 911, 912, 914, 915, 938, 939, 941, 942, 944, 945, 968, 969, 971, 972, 974, 975], "excluded_lines": []}, "JAXOptimizer": {"executed_lines": [995, 998, 999, 1002, 1006, 1008], "summary": {"covered_lines": 6, "num_statements": 18, "percent_covered": 33.333333333333336, "percent_covered_display": "33", "missing_lines": 12, "excluded_lines": 0}, "missing_lines": [996, 1003, 1007, 1009, 1025, 1028, 1029, 1031, 1048, 1051, 1052, 1056], "excluded_lines": []}, "": {"executed_lines": [1, 15, 16, 17, 18, 19, 22, 23, 24, 25, 26, 28, 33, 34, 36, 41, 42, 45, 46, 48, 82, 83, 94, 112, 119, 179, 207, 255, 273, 326, 335, 393, 394, 403, 421, 472, 522, 528, 538, 539, 548, 564, 625, 670, 682, 701, 712, 713, 723, 729, 755, 762, 787, 805, 813, 817, 830, 842, 879, 880, 887, 888, 917, 918, 947, 948, 979, 980, 987, 1011, 1033, 1060, 1082], "summary": {"covered_lines": 65, "num_statements": 105, "percent_covered": 61.904761904761905, "percent_covered_display": "62", "missing_lines": 40, "excluded_lines": 0}, "missing_lines": [29, 30, 31, 37, 38, 39, 814, 826, 827, 838, 839, 850, 853, 855, 856, 857, 860, 861, 862, 865, 866, 868, 1078, 1079, 1102, 1103, 1106, 1107, 1108, 1111, 1112, 1113, 1114, 1115, 1116, 1117, 1119, 1122, 1123, 1125], "excluded_lines": []}}}, "hpfracc/algorithms/integral_methods.py": {"executed_lines": [1, 8, 9, 10, 12, 13, 16, 17, 34, 50, 51, 53, 54, 56, 57, 58, 59, 62, 63, 64, 67, 70, 72, 91, 92, 95, 97, 98, 102, 103, 106, 107, 108, 111, 114, 115, 117, 119, 120, 123, 124, 127, 128, 129, 130, 131, 132, 136, 138, 139, 141, 143, 153, 157, 158, 159, 160, 162, 165, 168, 169, 172, 175, 178, 180, 182, 192, 193, 196, 197, 200, 201, 202, 205, 207, 210, 212, 214, 225, 228, 229, 232, 236, 238, 243, 244, 254, 270, 271, 273, 274, 277, 278, 279, 280, 281, 285, 305, 306, 307, 310, 313, 314, 320, 330, 373, 393, 394, 397, 417, 418, 422, 440, 442, 445, 463, 464], "summary": {"covered_lines": 113, "num_statements": 150, "percent_covered": 75.33333333333333, "percent_covered_display": "75", "missing_lines": 37, "excluded_lines": 0}, "missing_lines": [99, 134, 233, 240, 308, 323, 324, 325, 326, 327, 328, 335, 336, 337, 338, 341, 342, 343, 344, 346, 347, 349, 351, 353, 356, 357, 358, 359, 360, 361, 362, 363, 364, 366, 367, 368, 369], "excluded_lines": [], "functions": {"RiemannLiouvilleIntegral.__init__": {"executed_lines": [50, 51, 53, 54, 56, 57, 58, 59, 62, 63, 64, 67, 70], "summary": {"covered_lines": 13, "num_statements": 13, "percent_covered": 100.0, "percent_covered_display": "100", "missing_lines": 0, "excluded_lines": 0}, "missing_lines": [], "excluded_lines": []}, "RiemannLiouvilleIntegral.compute": {"executed_lines": [91, 92, 95, 97, 98, 102, 103, 106, 107, 108, 111, 114, 115, 117, 119, 120, 123, 124, 127, 128, 129, 130, 131, 132], "summary": {"covered_lines": 24, "num_statements": 26, "percent_covered": 92.3076923076923, "percent_covered_display": "92", "missing_lines": 2, "excluded_lines": 0}, "missing_lines": [99, 134], "excluded_lines": []}, "RiemannLiouvilleIntegral._select_optimal_method": {"executed_lines": [138, 139, 141], "summary": {"covered_lines": 3, "num_statements": 3, "percent_covered": 100.0, "percent_covered_display": "100", "missing_lines": 0, "excluded_lines": 0}, "missing_lines": [], "excluded_lines": []}, "RiemannLiouvilleIntegral._compute_fft": {"executed_lines": [153, 157, 158, 159, 160, 162, 165, 168, 169, 172, 175, 178, 180], "summary": {"covered_lines": 13, "num_statements": 13, "percent_covered": 100.0, "percent_covered_display": "100", "missing_lines": 0, "excluded_lines": 0}, "missing_lines": [], "excluded_lines": []}, "RiemannLiouvilleIntegral._compute_direct": {"executed_lines": [192, 193, 196, 197, 200, 201, 202, 205, 207, 210, 212], "summary": {"covered_lines": 11, "num_statements": 11, "percent_covered": 100.0, "percent_covered_display": "100", "missing_lines": 0, "excluded_lines": 0}, "missing_lines": [], "excluded_lines": []}, "RiemannLiouvilleIntegral._compute_adaptive": {"executed_lines": [225, 228, 229, 232, 236, 238], "summary": {"covered_lines": 6, "num_statements": 8, "percent_covered": 75.0, "percent_covered_display": "75", "missing_lines": 2, "excluded_lines": 0}, "missing_lines": [233, 240], "excluded_lines": []}, "CaputoIntegral.__init__": {"executed_lines": [270, 271, 273, 274, 277, 278, 279, 280, 281], "summary": {"covered_lines": 9, "num_statements": 9, "percent_covered": 100.0, "percent_covered_display": "100", "missing_lines": 0, "excluded_lines": 0}, "missing_lines": [], "excluded_lines": []}, "CaputoIntegral.compute": {"executed_lines": [305, 306, 307, 310], "summary": {"covered_lines": 4, "num_statements": 5, "percent_covered": 80.0, "percent_covered_display": "80", "missing_lines": 1, "excluded_lines": 0}, "missing_lines": [308], "excluded_lines": []}, "WeylIntegral.__init__": {"executed_lines": [], "summary": {"covered_lines": 0, "num_statements": 6, "percent_covered": 0.0, "percent_covered_display": "0", "missing_lines": 6, "excluded_lines": 0}, "missing_lines": [323, 324, 325, 326, 327, 328], "excluded_lines": []}, "WeylIntegral.compute": {"executed_lines": [], "summary": {"covered_lines": 0, "num_statements": 26, "percent_covered": 0.0, "percent_covered_display": "0", "missing_lines": 26, "excluded_lines": 0}, "missing_lines": [335, 336, 337, 338, 341, 342, 343, 344, 346, 347, 349, 351, 353, 356, 357, 358, 359, 360, 361, 362, 363, 364, 366, 367, 368, 369], "excluded_lines": []}, "riemann_liouville_integral": {"executed_lines": [393, 394], "summary": {"covered_lines": 2, "num_statements": 2, "percent_covered": 100.0, "percent_covered_display": "100", "missing_lines": 0, "excluded_lines": 0}, "missing_lines": [], "excluded_lines": []}, "caputo_integral": {"executed_lines": [417, 418], "summary": {"covered_lines": 2, "num_statements": 2, "percent_covered": 100.0, "percent_covered_display": "100", "missing_lines": 0, "excluded_lines": 0}, "missing_lines": [], "excluded_lines": []}, "optimized_riemann_liouville_integral": {"executed_lines": [440, 442], "summary": {"covered_lines": 2, "num_statements": 2, "percent_covered": 100.0, "percent_covered_display": "100", "missing_lines": 0, "excluded_lines": 0}, "missing_lines": [], "excluded_lines": []}, "optimized_caputo_integral": {"executed_lines": [463, 464], "summary": {"covered_lines": 2, "num_statements": 2, "percent_covered": 100.0, "percent_covered_display": "100", "missing_lines": 0, "excluded_lines": 0}, "missing_lines": [], "excluded_lines": []}, "": {"executed_lines": [1, 8, 9, 10, 12, 13, 16, 17, 34, 72, 136, 143, 182, 214, 243, 244, 254, 285, 313, 314, 320, 330, 373, 397, 422, 445], "summary": {"covered_lines": 22, "num_statements": 22, "percent_covered": 100.0, "percent_covered_display": "100", "missing_lines": 0, "excluded_lines": 0}, "missing_lines": [], "excluded_lines": []}}, "classes": {"RiemannLiouvilleIntegral": {"executed_lines": [50, 51, 53, 54, 56, 57, 58, 59, 62, 63, 64, 67, 70, 91, 92, 95, 97, 98, 102, 103, 106, 107, 108, 111, 114, 115, 117, 119, 120, 123, 124, 127, 128, 129, 130, 131, 132, 138, 139, 141, 153, 157, 158, 159, 160, 162, 165, 168, 169, 172, 175, 178, 180, 192, 193, 196, 197, 200, 201, 202, 205, 207, 210, 212, 225, 228, 229, 232, 236, 238], "summary": {"covered_lines": 70, "num_statements": 74, "percent_covered": 94.5945945945946, "percent_covered_display": "95", "missing_lines": 4, "excluded_lines": 0}, "missing_lines": [99, 134, 233, 240], "excluded_lines": []}, "CaputoIntegral": {"executed_lines": [270, 271, 273, 274, 277, 278, 279, 280, 281, 305, 306, 307, 310], "summary": {"covered_lines": 13, "num_statements": 14, "percent_covered": 92.85714285714286, "percent_covered_display": "93", "missing_lines": 1, "excluded_lines": 0}, "missing_lines": [308], "excluded_lines": []}, "WeylIntegral": {"executed_lines": [], "summary": {"covered_lines": 0, "num_statements": 32, "percent_covered": 0.0, "percent_covered_display": "0", "missing_lines": 32, "excluded_lines": 0}, "missing_lines": [323, 324, 325, 326, 327, 328, 335, 336, 337, 338, 341, 342, 343, 344, 346, 347, 349, 351, 353, 356, 357, 358, 359, 360, 361, 362, 363, 364, 366, 367, 368, 369], "excluded_lines": []}, "": {"executed_lines": [1, 8, 9, 10, 12, 13, 16, 17, 34, 72, 136, 143, 182, 214, 243, 244, 254, 285, 313, 314, 320, 330, 373, 393, 394, 397, 417, 418, 422, 440, 442, 445, 463, 464], "summary": {"covered_lines": 30, "num_statements": 30, "percent_covered": 100.0, "percent_covered_display": "100", "missing_lines": 0, "excluded_lines": 0}, "missing_lines": [], "excluded_lines": []}}}, "hpfracc/algorithms/novel_derivatives.py": {"executed_lines": [1, 8, 9, 10, 12, 13, 16, 17, 34, 50, 53, 54, 57, 58, 59, 60, 63, 64, 65, 68, 69, 72, 74, 93, 94, 97, 98, 101, 102, 105, 108, 109, 112, 113, 115, 117, 118, 121, 122, 125, 126, 127, 128, 134, 136, 137, 139, 141, 151, 154, 158, 159, 160, 161, 164, 167, 171, 172, 173, 176, 177, 180, 183, 184, 187, 189, 191, 201, 202, 205, 208, 209, 212, 213, 214, 217, 219, 222, 225, 227, 256, 257, 273, 289, 292, 293, 296, 297, 298, 299, 302, 303, 307, 308, 311, 313, 332, 333, 336, 337, 340, 341, 344, 347, 348, 351, 352, 354, 356, 360, 361, 364, 366, 367, 373, 375, 378, 380, 390, 391, 393, 394, 396, 397, 398, 400, 401, 404, 405, 407, 409, 451, 461, 462, 465, 468, 469, 472, 473, 474, 477, 478, 480, 483, 486, 488, 518, 542, 567, 590], "summary": {"covered_lines": 147, "num_statements": 200, "percent_covered": 73.5, "percent_covered_display": "74", "missing_lines": 53, "excluded_lines": 0}, "missing_lines": [51, 106, 129, 130, 132, 238, 241, 242, 245, 246, 249, 251, 253, 290, 304, 345, 357, 365, 368, 369, 371, 376, 419, 422, 425, 426, 427, 428, 430, 431, 434, 437, 438, 441, 444, 447, 449, 499, 502, 503, 506, 507, 510, 512, 514, 538, 539, 562, 563, 585, 587, 608, 610], "excluded_lines": [], "functions": {"CaputoFabrizioDerivative.__init__": {"executed_lines": [50, 53, 54, 57, 58, 59, 60, 63, 64, 65, 68, 69, 72], "summary": {"covered_lines": 13, "num_statements": 14, "percent_covered": 92.85714285714286, "percent_covered_display": "93", "missing_lines": 1, "excluded_lines": 0}, "missing_lines": [51], "excluded_lines": []}, "CaputoFabrizioDerivative.compute": {"executed_lines": [93, 94, 97, 98, 101, 102, 105, 108, 109, 112, 113, 115, 117, 118, 121, 122, 125, 126, 127, 128], "summary": {"covered_lines": 20, "num_statements": 24, "percent_covered": 83.33333333333333, "percent_covered_display": "83", "missing_lines": 4, "excluded_lines": 0}, "missing_lines": [106, 129, 130, 132], "excluded_lines": []}, "CaputoFabrizioDerivative._select_optimal_method": {"executed_lines": [136, 137, 139], "summary": {"covered_lines": 3, "num_statements": 3, "percent_covered": 100.0, "percent_covered_display": "100", "missing_lines": 0, "excluded_lines": 0}, "missing_lines": [], "excluded_lines": []}, "CaputoFabrizioDerivative._compute_fft": {"executed_lines": [151, 154, 158, 159, 160, 161, 164, 167, 171, 172, 173, 176, 177, 180, 183, 184, 187, 189], "summary": {"covered_lines": 18, "num_statements": 18, "percent_covered": 100.0, "percent_covered_display": "100", "missing_lines": 0, "excluded_lines": 0}, "missing_lines": [], "excluded_lines": []}, "CaputoFabrizioDerivative._compute_direct": {"executed_lines": [201, 202, 205, 208, 209, 212, 213, 214, 217, 219, 222, 225], "summary": {"covered_lines": 12, "num_statements": 12, "percent_covered": 100.0, "percent_covered_display": "100", "missing_lines": 0, "excluded_lines": 0}, "missing_lines": [], "excluded_lines": []}, "CaputoFabrizioDerivative._compute_adaptive": {"executed_lines": [], "summary": {"covered_lines": 0, "num_statements": 8, "percent_covered": 0.0, "percent_covered_display": "0", "missing_lines": 8, "excluded_lines": 0}, "missing_lines": [238, 241, 242, 245, 246, 249, 251, 253], "excluded_lines": []}, "AtanganaBaleanuDerivative.__init__": {"executed_lines": [289, 292, 293, 296, 297, 298, 299, 302, 303, 307, 308, 311], "summary": {"covered_lines": 12, "num_statements": 14, "percent_covered": 85.71428571428571, "percent_covered_display": "86", "missing_lines": 2, "excluded_lines": 0}, "missing_lines": [290, 304], "excluded_lines": []}, "AtanganaBaleanuDerivative.compute": {"executed_lines": [332, 333, 336, 337, 340, 341, 344, 347, 348, 351, 352, 354, 356, 360, 361, 364, 366, 367], "summary": {"covered_lines": 18, "num_statements": 24, "percent_covered": 75.0, "percent_covered_display": "75", "missing_lines": 6, "excluded_lines": 0}, "missing_lines": [345, 357, 365, 368, 369, 371], "excluded_lines": []}, "AtanganaBaleanuDerivative._select_optimal_method": {"executed_lines": [375, 378], "summary": {"covered_lines": 2, "num_statements": 3, "percent_covered": 66.66666666666667, "percent_covered_display": "67", "missing_lines": 1, "excluded_lines": 0}, "missing_lines": [376], "excluded_lines": []}, "AtanganaBaleanuDerivative._mittag_leffler_fast": {"executed_lines": [390, 391, 393, 394, 396, 397, 398, 400, 401, 404, 405, 407], "summary": {"covered_lines": 12, "num_statements": 12, "percent_covered": 100.0, "percent_covered_display": "100", "missing_lines": 0, "excluded_lines": 0}, "missing_lines": [], "excluded_lines": []}, "AtanganaBaleanuDerivative._compute_fft": {"executed_lines": [], "summary": {"covered_lines": 0, "num_statements": 15, "percent_covered": 0.0, "percent_covered_display": "0", "missing_lines": 15, "excluded_lines": 0}, "missing_lines": [419, 422, 425, 426, 427, 428, 430, 431, 434, 437, 438, 441, 444, 447, 449], "excluded_lines": []}, "AtanganaBaleanuDerivative._compute_direct": {"executed_lines": [461, 462, 465, 468, 469, 472, 473, 474, 477, 478, 480, 483, 486], "summary": {"covered_lines": 13, "num_statements": 13, "percent_covered": 100.0, "percent_covered_display": "100", "missing_lines": 0, "excluded_lines": 0}, "missing_lines": [], "excluded_lines": []}, "AtanganaBaleanuDerivative._compute_adaptive": {"executed_lines": [], "summary": {"covered_lines": 0, "num_statements": 8, "percent_covered": 0.0, "percent_covered_display": "0", "missing_lines": 8, "excluded_lines": 0}, "missing_lines": [499, 502, 503, 506, 507, 510, 512, 514], "excluded_lines": []}, "caputo_fabrizio_derivative": {"executed_lines": [], "summary": {"covered_lines": 0, "num_statements": 2, "percent_covered": 0.0, "percent_covered_display": "0", "missing_lines": 2, "excluded_lines": 0}, "missing_lines": [538, 539], "excluded_lines": []}, "atangana_baleanu_derivative": {"executed_lines": [], "summary": {"covered_lines": 0, "num_statements": 2, "percent_covered": 0.0, "percent_covered_display": "0", "missing_lines": 2, "excluded_lines": 0}, "missing_lines": [562, 563], "excluded_lines": []}, "optimized_caputo_fabrizio_derivative": {"executed_lines": [], "summary": {"covered_lines": 0, "num_statements": 2, "percent_covered": 0.0, "percent_covered_display": "0", "missing_lines": 2, "excluded_lines": 0}, "missing_lines": [585, 587], "excluded_lines": []}, "optimized_atangana_baleanu_derivative": {"executed_lines": [], "summary": {"covered_lines": 0, "num_statements": 2, "percent_covered": 0.0, "percent_covered_display": "0", "missing_lines": 2, "excluded_lines": 0}, "missing_lines": [608, 610], "excluded_lines": []}, "": {"executed_lines": [1, 8, 9, 10, 12, 13, 16, 17, 34, 74, 134, 141, 191, 227, 256, 257, 273, 313, 373, 380, 409, 451, 488, 518, 542, 567, 590], "summary": {"covered_lines": 24, "num_statements": 24, "percent_covered": 100.0, "percent_covered_display": "100", "missing_lines": 0, "excluded_lines": 0}, "missing_lines": [], "excluded_lines": []}}, "classes": {"CaputoFabrizioDerivative": {"executed_lines": [50, 53, 54, 57, 58, 59, 60, 63, 64, 65, 68, 69, 72, 93, 94, 97, 98, 101, 102, 105, 108, 109, 112, 113, 115, 117, 118, 121, 122, 125, 126, 127, 128, 136, 137, 139, 151, 154, 158, 159, 160, 161, 164, 167, 171, 172, 173, 176, 177, 180, 183, 184, 187, 189, 201, 202, 205, 208, 209, 212, 213, 214, 217, 219, 222, 225], "summary": {"covered_lines": 66, "num_statements": 79, "percent_covered": 83.54430379746836, "percent_covered_display": "84", "missing_lines": 13, "excluded_lines": 0}, "missing_lines": [51, 106, 129, 130, 132, 238, 241, 242, 245, 246, 249, 251, 253], "excluded_lines": []}, "AtanganaBaleanuDerivative": {"executed_lines": [289, 292, 293, 296, 297, 298, 299, 302, 303, 307, 308, 311, 332, 333, 336, 337, 340, 341, 344, 347, 348, 351, 352, 354, 356, 360, 361, 364, 366, 367, 375, 378, 390, 391, 393, 394, 396, 397, 398, 400, 401, 404, 405, 407, 461, 462, 465, 468, 469, 472, 473, 474, 477, 478, 480, 483, 486], "summary": {"covered_lines": 57, "num_statements": 89, "percent_covered": 64.04494382022472, "percent_covered_display": "64", "missing_lines": 32, "excluded_lines": 0}, "missing_lines": [290, 304, 345, 357, 365, 368, 369, 371, 376, 419, 422, 425, 426, 427, 428, 430, 431, 434, 437, 438, 441, 444, 447, 449, 499, 502, 503, 506, 507, 510, 512, 514], "excluded_lines": []}, "": {"executed_lines": [1, 8, 9, 10, 12, 13, 16, 17, 34, 74, 134, 141, 191, 227, 256, 257, 273, 313, 373, 380, 409, 451, 488, 518, 542, 567, 590], "summary": {"covered_lines": 24, "num_statements": 32, "percent_covered": 75.0, "percent_covered_display": "75", "missing_lines": 8, "excluded_lines": 0}, "missing_lines": [538, 539, 562, 563, 585, 587, 608, 610], "excluded_lines": []}}}, "hpfracc/algorithms/optimized_methods.py": {"executed_lines": [1, 12, 13, 14, 15, 16, 17, 20, 21, 22, 26, 27, 30, 31, 33, 34, 36, 37, 39, 40, 41, 42, 47, 48, 49, 60, 61, 63, 91, 94, 95, 97, 98, 99, 100, 101, 102, 103, 104, 105, 108, 118, 120, 123, 126, 128, 131, 134, 135, 137, 139, 140, 141, 142, 144, 146, 147, 151, 153, 154, 155, 156, 159, 167, 169, 173, 176, 177, 178, 180, 183, 184, 193, 195, 196, 198, 200, 201, 204, 209, 212, 213, 215, 222, 224, 225, 226, 228, 229, 230, 231, 233, 234, 235, 238, 239, 242, 243, 244, 245, 246, 248, 249, 250, 255, 256, 259, 261, 265, 267, 275, 279, 282, 283, 285, 286, 289, 292, 293, 294, 298, 299, 300, 303, 304, 306, 307, 310, 311, 312, 313, 316, 317, 319, 321, 322, 323, 326, 327, 328, 331, 333, 335, 337, 340, 345, 352, 353, 354, 357, 358, 359, 362, 363, 364, 365, 366, 368, 369, 370, 375, 379, 381, 384, 385, 388, 389, 390, 392, 393, 402, 404, 405, 406, 407, 408, 410, 411, 412, 415, 417, 434, 451, 456, 457, 461, 463, 464, 466, 468, 471, 472, 473, 474, 475, 476, 477, 478, 480, 489, 490, 492, 494, 495, 496, 499, 500, 501, 502, 503, 505, 506, 507, 509, 512, 513, 516, 517, 518, 520, 521, 522, 523, 527, 529, 530, 531, 534, 535, 536, 537, 543, 544, 545, 546, 547, 549, 551, 556, 557, 558, 561, 564, 567, 569, 572, 574, 577, 578, 582, 584, 585, 587, 589, 592, 597, 599, 606, 608, 609, 610, 613, 614, 616, 617, 619, 620, 621, 626, 627, 630, 632, 634, 636, 638, 639, 640, 643, 646, 647, 652, 653, 654, 655, 656, 657, 661, 662, 664, 666, 670, 671, 672, 675, 676, 680, 681, 684, 686, 688, 696, 697, 701, 708, 717, 727, 738, 745, 746, 749, 757, 758, 761, 768, 769, 773, 774, 781, 783, 784, 785, 786, 788, 797, 798, 802, 805, 807, 808, 810, 811, 812, 813, 814, 815, 817, 825, 828, 830, 831, 832, 835, 836, 838, 840, 848, 851, 853, 854, 857, 860, 861, 862, 865, 867, 869, 872, 875, 876, 877, 878, 879, 892, 894, 898, 900, 908, 911, 913, 916, 917, 920, 923, 924, 926, 930, 931, 938, 945, 980, 1030, 1080, 1088, 1096, 1114, 1153, 1154, 1156, 1158, 1160, 1161, 1163, 1165, 1168, 1169, 1171, 1173, 1174, 1176, 1179, 1183, 1186, 1187, 1189, 1191, 1192, 1194, 1197, 1201, 1208, 1216, 1217, 1220, 1228, 1229, 1232, 1240, 1241, 1244, 1245, 1247, 1249, 1250, 1252, 1269, 1272, 1273, 1275, 1284, 1290, 1292, 1294, 1296, 1297, 1300, 1303, 1304, 1308, 1309, 1310, 1313, 1314, 1315, 1317, 1318, 1320, 1329, 1331, 1334, 1337, 1340, 1343, 1344, 1346, 1355, 1356, 1357, 1359, 1369, 1374, 1381, 1384, 1385, 1387, 1388, 1398, 1401, 1402, 1403, 1404, 1407, 1409, 1410, 1421, 1422, 1424, 1425, 1427, 1430, 1431, 1433, 1440, 1441, 1443, 1446, 1447, 1451, 1469, 1472, 1473, 1474, 1475, 1476, 1477, 1478, 1485, 1486, 1487, 1488, 1489, 1490, 1491, 1498, 1499, 1503, 1506, 1525, 1526, 1528, 1529, 1530, 1531, 1533, 1534, 1535, 1537, 1538, 1539, 1546, 1547, 1554, 1573, 1576, 1591, 1592, 1593, 1595, 1598, 1616, 1618, 1619, 1620, 1623, 1626, 1627, 1628, 1629, 1631], "summary": {"covered_lines": 522, "num_statements": 696, "percent_covered": 75.0, "percent_covered_display": "75", "missing_lines": 174, "excluded_lines": 1}, "missing_lines": [23, 24, 28, 29, 35, 43, 44, 50, 52, 53, 119, 121, 127, 129, 149, 205, 252, 260, 273, 338, 339, 341, 372, 376, 380, 394, 395, 396, 397, 400, 419, 420, 422, 423, 424, 426, 427, 428, 429, 431, 432, 436, 437, 440, 441, 444, 449, 453, 525, 593, 615, 623, 631, 693, 703, 704, 705, 706, 715, 725, 734, 803, 826, 849, 889, 909, 940, 941, 942, 943, 956, 957, 966, 967, 991, 992, 994, 996, 997, 1000, 1001, 1004, 1005, 1008, 1011, 1014, 1016, 1017, 1018, 1021, 1024, 1025, 1026, 1028, 1041, 1042, 1044, 1046, 1047, 1050, 1051, 1054, 1055, 1058, 1061, 1064, 1066, 1067, 1068, 1071, 1074, 1075, 1076, 1078, 1082, 1083, 1084, 1085, 1086, 1090, 1091, 1092, 1093, 1094, 1100, 1103, 1104, 1105, 1106, 1109, 1110, 1112, 1122, 1123, 1125, 1128, 1131, 1132, 1133, 1134, 1135, 1136, 1138, 1139, 1141, 1177, 1195, 1305, 1332, 1335, 1338, 1371, 1399, 1479, 1480, 1481, 1482, 1492, 1493, 1494, 1495, 1501, 1541, 1543, 1550, 1577, 1578, 1580, 1581, 1582, 1583, 1586, 1587, 1588], "excluded_lines": [977], "functions": {"ParallelConfig.__init__": {"executed_lines": [91, 94, 95, 97, 98, 99, 100, 101, 102, 103, 104, 105, 108, 118, 120], "summary": {"covered_lines": 15, "num_statements": 17, "percent_covered": 88.23529411764706, "percent_covered_display": "88", "missing_lines": 2, "excluded_lines": 0}, "missing_lines": [119, 121], "excluded_lines": []}, "ParallelConfig._auto_configure_backend": {"executed_lines": [126, 128, 131], "summary": {"covered_lines": 3, "num_statements": 5, "percent_covered": 60.0, "percent_covered_display": "60", "missing_lines": 2, "excluded_lines": 0}, "missing_lines": [127, 129], "excluded_lines": []}, "ParallelLoadBalancer.__init__": {"executed_lines": [139, 140, 141, 142], "summary": {"covered_lines": 4, "num_statements": 4, "percent_covered": 100.0, "percent_covered_display": "100", "missing_lines": 0, "excluded_lines": 0}, "missing_lines": [], "excluded_lines": []}, "ParallelLoadBalancer.create_chunks": {"executed_lines": [146, 147, 151, 153, 154, 155, 156, 159, 167], "summary": {"covered_lines": 9, "num_statements": 10, "percent_covered": 90.0, "percent_covered_display": "90", "missing_lines": 1, "excluded_lines": 0}, "missing_lines": [149], "excluded_lines": []}, "ParallelLoadBalancer.distribute_workload": {"executed_lines": [173, 176, 177, 178, 180], "summary": {"covered_lines": 5, "num_statements": 5, "percent_covered": 100.0, "percent_covered_display": "100", "missing_lines": 0, "excluded_lines": 0}, "missing_lines": [], "excluded_lines": []}, "OptimizedRiemannLiouville.__init__": {"executed_lines": [195, 196, 198, 200, 201, 204, 209, 212, 213], "summary": {"covered_lines": 9, "num_statements": 10, "percent_covered": 90.0, "percent_covered_display": "90", "missing_lines": 1, "excluded_lines": 0}, "missing_lines": [205], "excluded_lines": []}, "OptimizedRiemannLiouville.compute": {"executed_lines": [222, 224, 225, 226, 228, 229, 230, 231, 233, 234, 235, 238, 239, 242, 243, 244, 245, 246, 248, 249, 250, 255, 256, 259, 261, 265], "summary": {"covered_lines": 26, "num_statements": 28, "percent_covered": 92.85714285714286, "percent_covered_display": "93", "missing_lines": 2, "excluded_lines": 0}, "missing_lines": [252, 260], "excluded_lines": []}, "OptimizedRiemannLiouville._fft_convolution_rl_jax": {"executed_lines": [], "summary": {"covered_lines": 0, "num_statements": 1, "percent_covered": 0.0, "percent_covered_display": "0", "missing_lines": 1, "excluded_lines": 0}, "missing_lines": [273], "excluded_lines": []}, "OptimizedRiemannLiouville._fft_convolution_rl_numpy": {"executed_lines": [279, 282, 283, 285, 286, 289, 292, 293, 294, 298, 299, 300, 303, 304, 306, 307, 310, 311, 312, 313, 316, 317, 319, 321, 322, 323, 326, 327, 328, 331, 333], "summary": {"covered_lines": 31, "num_statements": 31, "percent_covered": 100.0, "percent_covered_display": "100", "missing_lines": 0, "excluded_lines": 0}, "missing_lines": [], "excluded_lines": []}, "OptimizedRiemannLiouville._initialize_backend": {"executed_lines": [337, 340], "summary": {"covered_lines": 2, "num_statements": 5, "percent_covered": 40.0, "percent_covered_display": "40", "missing_lines": 3, "excluded_lines": 0}, "missing_lines": [338, 339, 341], "excluded_lines": []}, "OptimizedRiemannLiouville.compute_parallel": {"executed_lines": [352, 353, 354, 357, 358, 359, 362, 363, 364, 365, 366, 368, 369, 370, 375, 379, 381, 384, 385, 388, 389, 390, 392, 393], "summary": {"covered_lines": 24, "num_statements": 32, "percent_covered": 75.0, "percent_covered_display": "75", "missing_lines": 8, "excluded_lines": 0}, "missing_lines": [372, 376, 380, 394, 395, 396, 397, 400], "excluded_lines": []}, "OptimizedRiemannLiouville._compute_multiprocessing": {"executed_lines": [404, 405, 406, 407, 408, 410, 411, 412, 415], "summary": {"covered_lines": 9, "num_statements": 9, "percent_covered": 100.0, "percent_covered_display": "100", "missing_lines": 0, "excluded_lines": 0}, "missing_lines": [], "excluded_lines": []}, "OptimizedRiemannLiouville._compute_ray": {"executed_lines": [], "summary": {"covered_lines": 0, "num_statements": 10, "percent_covered": 0.0, "percent_covered_display": "0", "missing_lines": 10, "excluded_lines": 0}, "missing_lines": [419, 420, 422, 423, 426, 427, 428, 429, 431, 432], "excluded_lines": []}, "OptimizedRiemannLiouville._compute_ray.ray_worker": {"executed_lines": [], "summary": {"covered_lines": 0, "num_statements": 1, "percent_covered": 0.0, "percent_covered_display": "0", "missing_lines": 1, "excluded_lines": 0}, "missing_lines": [424], "excluded_lines": []}, "OptimizedRiemannLiouville._compute_dask": {"executed_lines": [], "summary": {"covered_lines": 0, "num_statements": 6, "percent_covered": 0.0, "percent_covered_display": "0", "missing_lines": 6, "excluded_lines": 0}, "missing_lines": [436, 437, 440, 441, 444, 449], "excluded_lines": []}, "OptimizedRiemannLiouville._worker_rl": {"executed_lines": [], "summary": {"covered_lines": 0, "num_statements": 1, "percent_covered": 0.0, "percent_covered_display": "0", "missing_lines": 1, "excluded_lines": 0}, "missing_lines": [453], "excluded_lines": []}, "OptimizedCaputo.__init__": {"executed_lines": [463, 464, 466, 468, 471, 472, 473, 474, 475, 476, 477, 478], "summary": {"covered_lines": 12, "num_statements": 12, "percent_covered": 100.0, "percent_covered_display": "100", "missing_lines": 0, "excluded_lines": 0}, "missing_lines": [], "excluded_lines": []}, "OptimizedCaputo.compute": {"executed_lines": [489, 490, 492, 494, 495, 496, 499, 500, 501, 502, 503, 505, 506, 507, 509, 512, 513, 516, 517, 518, 520, 521, 522, 523], "summary": {"covered_lines": 24, "num_statements": 25, "percent_covered": 96.0, "percent_covered_display": "96", "missing_lines": 1, "excluded_lines": 0}, "missing_lines": [525], "excluded_lines": []}, "OptimizedCaputo._l1_scheme_numpy": {"executed_lines": [529, 530, 531, 534, 535, 536, 537, 543, 544, 545, 546, 547, 549], "summary": {"covered_lines": 13, "num_statements": 13, "percent_covered": 100.0, "percent_covered_display": "100", "missing_lines": 0, "excluded_lines": 0}, "missing_lines": [], "excluded_lines": []}, "OptimizedCaputo._diethelm_ford_freed_numpy": {"executed_lines": [556, 557, 558, 561, 564, 567, 569, 572, 574], "summary": {"covered_lines": 9, "num_statements": 9, "percent_covered": 100.0, "percent_covered_display": "100", "missing_lines": 0, "excluded_lines": 0}, "missing_lines": [], "excluded_lines": []}, "OptimizedGrunwaldLetnikov.__init__": {"executed_lines": [584, 585, 587, 589, 592, 597], "summary": {"covered_lines": 6, "num_statements": 7, "percent_covered": 85.71428571428571, "percent_covered_display": "86", "missing_lines": 1, "excluded_lines": 0}, "missing_lines": [593], "excluded_lines": []}, "OptimizedGrunwaldLetnikov.compute": {"executed_lines": [606, 608, 609, 610, 613, 614, 616, 617, 619, 620, 621, 626, 627, 630, 632, 634], "summary": {"covered_lines": 16, "num_statements": 19, "percent_covered": 84.21052631578948, "percent_covered_display": "84", "missing_lines": 3, "excluded_lines": 0}, "missing_lines": [615, 623, 631], "excluded_lines": []}, "OptimizedGrunwaldLetnikov._grunwald_letnikov_numpy": {"executed_lines": [638, 639, 640, 643, 646, 647, 652, 653, 654, 655, 656, 657, 661, 662, 664], "summary": {"covered_lines": 15, "num_statements": 15, "percent_covered": 100.0, "percent_covered_display": "100", "missing_lines": 0, "excluded_lines": 0}, "missing_lines": [], "excluded_lines": []}, "OptimizedGrunwaldLetnikov._fast_binomial_coefficients_jax": {"executed_lines": [670, 671, 672, 675, 676, 680, 681, 684, 686], "summary": {"covered_lines": 9, "num_statements": 9, "percent_covered": 100.0, "percent_covered_display": "100", "missing_lines": 0, "excluded_lines": 0}, "missing_lines": [], "excluded_lines": []}, "OptimizedGrunwaldLetnikov._fast_binomial_coefficients": {"executed_lines": [], "summary": {"covered_lines": 0, "num_statements": 1, "percent_covered": 0.0, "percent_covered_display": "0", "missing_lines": 1, "excluded_lines": 0}, "missing_lines": [693], "excluded_lines": []}, "OptimizedFractionalMethods.__init__": {"executed_lines": [], "summary": {"covered_lines": 0, "num_statements": 4, "percent_covered": 0.0, "percent_covered_display": "0", "missing_lines": 4, "excluded_lines": 0}, "missing_lines": [703, 704, 705, 706], "excluded_lines": []}, "OptimizedFractionalMethods.riemann_liouville": {"executed_lines": [], "summary": {"covered_lines": 0, "num_statements": 1, "percent_covered": 0.0, "percent_covered_display": "0", "missing_lines": 1, "excluded_lines": 0}, "missing_lines": [715], "excluded_lines": []}, "OptimizedFractionalMethods.caputo": {"executed_lines": [], "summary": {"covered_lines": 0, "num_statements": 1, "percent_covered": 0.0, "percent_covered_display": "0", "missing_lines": 1, "excluded_lines": 0}, "missing_lines": [725], "excluded_lines": []}, "OptimizedFractionalMethods.grunwald_letnikov": {"executed_lines": [], "summary": {"covered_lines": 0, "num_statements": 1, "percent_covered": 0.0, "percent_covered_display": "0", "missing_lines": 1, "excluded_lines": 0}, "missing_lines": [734], "excluded_lines": []}, "optimized_riemann_liouville": {"executed_lines": [745, 746], "summary": {"covered_lines": 2, "num_statements": 2, "percent_covered": 100.0, "percent_covered_display": "100", "missing_lines": 0, "excluded_lines": 0}, "missing_lines": [], "excluded_lines": []}, "optimized_caputo": {"executed_lines": [757, 758], "summary": {"covered_lines": 2, "num_statements": 2, "percent_covered": 100.0, "percent_covered_display": "100", "missing_lines": 0, "excluded_lines": 0}, "missing_lines": [], "excluded_lines": []}, "optimized_grunwald_letnikov": {"executed_lines": [768, 769], "summary": {"covered_lines": 2, "num_statements": 2, "percent_covered": 100.0, "percent_covered_display": "100", "missing_lines": 0, "excluded_lines": 0}, "missing_lines": [], "excluded_lines": []}, "AdvancedFFTMethods.__init__": {"executed_lines": [783, 784, 785, 786], "summary": {"covered_lines": 4, "num_statements": 4, "percent_covered": 100.0, "percent_covered_display": "100", "missing_lines": 0, "excluded_lines": 0}, "missing_lines": [], "excluded_lines": []}, "AdvancedFFTMethods.compute_derivative": {"executed_lines": [797, 798, 802, 805, 807, 808, 810, 811, 812, 813, 814, 815], "summary": {"covered_lines": 12, "num_statements": 13, "percent_covered": 92.3076923076923, "percent_covered_display": "92", "missing_lines": 1, "excluded_lines": 0}, "missing_lines": [803], "excluded_lines": []}, "AdvancedFFTMethods._spectral_derivative": {"executed_lines": [825, 828, 830, 831, 832, 835, 836, 838], "summary": {"covered_lines": 8, "num_statements": 9, "percent_covered": 88.88888888888889, "percent_covered_display": "89", "missing_lines": 1, "excluded_lines": 0}, "missing_lines": [826], "excluded_lines": []}, "AdvancedFFTMethods._fractional_fourier_derivative": {"executed_lines": [848, 851, 853, 854, 857, 860, 861, 862, 865, 867], "summary": {"covered_lines": 10, "num_statements": 11, "percent_covered": 90.9090909090909, "percent_covered_display": "91", "missing_lines": 1, "excluded_lines": 0}, "missing_lines": [849], "excluded_lines": []}, "AdvancedFFTMethods._fractional_fourier_transform": {"executed_lines": [872, 875, 876, 877, 878, 879, 892], "summary": {"covered_lines": 7, "num_statements": 8, "percent_covered": 87.5, "percent_covered_display": "88", "missing_lines": 1, "excluded_lines": 0}, "missing_lines": [889], "excluded_lines": []}, "AdvancedFFTMethods._inverse_fractional_fourier_transform": {"executed_lines": [898], "summary": {"covered_lines": 1, "num_statements": 1, "percent_covered": 100.0, "percent_covered_display": "100", "missing_lines": 0, "excluded_lines": 0}, "missing_lines": [], "excluded_lines": []}, "AdvancedFFTMethods._wavelet_derivative": {"executed_lines": [908, 911, 913, 916, 917, 920, 923, 924, 926], "summary": {"covered_lines": 9, "num_statements": 10, "percent_covered": 90.0, "percent_covered_display": "90", "missing_lines": 1, "excluded_lines": 0}, "missing_lines": [909], "excluded_lines": []}, "L1L2Schemes.__init__": {"executed_lines": [], "summary": {"covered_lines": 0, "num_statements": 4, "percent_covered": 0.0, "percent_covered_display": "0", "missing_lines": 4, "excluded_lines": 0}, "missing_lines": [940, 941, 942, 943], "excluded_lines": []}, "L1L2Schemes.solve_time_fractional_pde": {"executed_lines": [], "summary": {"covered_lines": 0, "num_statements": 4, "percent_covered": 0.0, "percent_covered_display": "0", "missing_lines": 4, "excluded_lines": 1}, "missing_lines": [956, 957, 966, 967], "excluded_lines": [977]}, "L1L2Schemes._solve_l1_scheme": {"executed_lines": [], "summary": {"covered_lines": 0, "num_statements": 20, "percent_covered": 0.0, "percent_covered_display": "0", "missing_lines": 20, "excluded_lines": 0}, "missing_lines": [991, 992, 994, 996, 997, 1000, 1001, 1004, 1005, 1008, 1011, 1014, 1016, 1017, 1018, 1021, 1024, 1025, 1026, 1028], "excluded_lines": []}, "L1L2Schemes._solve_l2_scheme": {"executed_lines": [], "summary": {"covered_lines": 0, "num_statements": 20, "percent_covered": 0.0, "percent_covered_display": "0", "missing_lines": 20, "excluded_lines": 0}, "missing_lines": [1041, 1042, 1044, 1046, 1047, 1050, 1051, 1054, 1055, 1058, 1061, 1064, 1066, 1067, 1068, 1071, 1074, 1075, 1076, 1078], "excluded_lines": []}, "L1L2Schemes._compute_l1_coefficients": {"executed_lines": [], "summary": {"covered_lines": 0, "num_statements": 5, "percent_covered": 0.0, "percent_covered_display": "0", "missing_lines": 5, "excluded_lines": 0}, "missing_lines": [1082, 1083, 1084, 1085, 1086], "excluded_lines": []}, "L1L2Schemes._compute_l2_coefficients": {"executed_lines": [], "summary": {"covered_lines": 0, "num_statements": 5, "percent_covered": 0.0, "percent_covered_display": "0", "missing_lines": 5, "excluded_lines": 0}, "missing_lines": [1090, 1091, 1092, 1093, 1094], "excluded_lines": []}, "L1L2Schemes._build_spatial_matrix": {"executed_lines": [], "summary": {"covered_lines": 0, "num_statements": 8, "percent_covered": 0.0, "percent_covered_display": "0", "missing_lines": 8, "excluded_lines": 0}, "missing_lines": [1100, 1103, 1104, 1105, 1106, 1109, 1110, 1112], "excluded_lines": []}, "L1L2Schemes.stability_analysis": {"executed_lines": [], "summary": {"covered_lines": 0, "num_statements": 13, "percent_covered": 0.0, "percent_covered_display": "0", "missing_lines": 13, "excluded_lines": 0}, "missing_lines": [1122, 1123, 1125, 1128, 1131, 1132, 1133, 1134, 1135, 1136, 1138, 1139, 1141], "excluded_lines": []}, "ParallelOptimizedRiemannLiouville.__init__": {"executed_lines": [1158, 1160, 1161], "summary": {"covered_lines": 3, "num_statements": 3, "percent_covered": 100.0, "percent_covered_display": "100", "missing_lines": 0, "excluded_lines": 0}, "missing_lines": [], "excluded_lines": []}, "ParallelOptimizedRiemannLiouville.compute": {"executed_lines": [1165], "summary": {"covered_lines": 1, "num_statements": 1, "percent_covered": 100.0, "percent_covered_display": "100", "missing_lines": 0, "excluded_lines": 0}, "missing_lines": [], "excluded_lines": []}, "ParallelOptimizedCaputo.__init__": {"executed_lines": [1173, 1174, 1176], "summary": {"covered_lines": 3, "num_statements": 4, "percent_covered": 75.0, "percent_covered_display": "75", "missing_lines": 1, "excluded_lines": 0}, "missing_lines": [1177], "excluded_lines": []}, "ParallelOptimizedCaputo.compute_parallel": {"executed_lines": [1183], "summary": {"covered_lines": 1, "num_statements": 1, "percent_covered": 100.0, "percent_covered_display": "100", "missing_lines": 0, "excluded_lines": 0}, "missing_lines": [], "excluded_lines": []}, "ParallelOptimizedGrunwaldLetnikov.__init__": {"executed_lines": [1191, 1192, 1194], "summary": {"covered_lines": 3, "num_statements": 4, "percent_covered": 75.0, "percent_covered_display": "75", "missing_lines": 1, "excluded_lines": 0}, "missing_lines": [1195], "excluded_lines": []}, "ParallelOptimizedGrunwaldLetnikov.compute_parallel": {"executed_lines": [1201], "summary": {"covered_lines": 1, "num_statements": 1, "percent_covered": 100.0, "percent_covered_display": "100", "missing_lines": 0, "excluded_lines": 0}, "missing_lines": [], "excluded_lines": []}, "parallel_optimized_riemann_liouville": {"executed_lines": [1216, 1217], "summary": {"covered_lines": 2, "num_statements": 2, "percent_covered": 100.0, "percent_covered_display": "100", "missing_lines": 0, "excluded_lines": 0}, "missing_lines": [], "excluded_lines": []}, "parallel_optimized_caputo": {"executed_lines": [1228, 1229], "summary": {"covered_lines": 2, "num_statements": 2, "percent_covered": 100.0, "percent_covered_display": "100", "missing_lines": 0, "excluded_lines": 0}, "missing_lines": [], "excluded_lines": []}, "parallel_optimized_grunwald_letnikov": {"executed_lines": [1240, 1241], "summary": {"covered_lines": 2, "num_statements": 2, "percent_covered": 100.0, "percent_covered_display": "100", "missing_lines": 0, "excluded_lines": 0}, "missing_lines": [], "excluded_lines": []}, "ParallelPerformanceMonitor.__init__": {"executed_lines": [1249, 1250], "summary": {"covered_lines": 2, "num_statements": 2, "percent_covered": 100.0, "percent_covered_display": "100", "missing_lines": 0, "excluded_lines": 0}, "missing_lines": [], "excluded_lines": []}, "ParallelPerformanceMonitor.analyze_performance": {"executed_lines": [1269, 1272, 1273, 1275, 1284, 1290], "summary": {"covered_lines": 6, "num_statements": 6, "percent_covered": 100.0, "percent_covered_display": "100", "missing_lines": 0, "excluded_lines": 0}, "missing_lines": [], "excluded_lines": []}, "ParallelPerformanceMonitor.get_optimization_suggestions": {"executed_lines": [1294, 1296, 1297, 1300, 1303, 1304, 1308, 1309, 1310, 1313, 1314, 1315, 1317, 1318], "summary": {"covered_lines": 14, "num_statements": 15, "percent_covered": 93.33333333333333, "percent_covered_display": "93", "missing_lines": 1, "excluded_lines": 0}, "missing_lines": [1305], "excluded_lines": []}, "ParallelPerformanceMonitor._generate_suggestions": {"executed_lines": [1329, 1331, 1334, 1337, 1340], "summary": {"covered_lines": 5, "num_statements": 8, "percent_covered": 62.5, "percent_covered_display": "62", "missing_lines": 3, "excluded_lines": 0}, "missing_lines": [1332, 1335, 1338], "excluded_lines": []}, "NumbaOptimizer.__init__": {"executed_lines": [1355, 1356, 1357], "summary": {"covered_lines": 3, "num_statements": 3, "percent_covered": 100.0, "percent_covered_display": "100", "missing_lines": 0, "excluded_lines": 0}, "missing_lines": [], "excluded_lines": []}, "NumbaOptimizer.optimize_kernel": {"executed_lines": [1369, 1374, 1381], "summary": {"covered_lines": 3, "num_statements": 4, "percent_covered": 75.0, "percent_covered_display": "75", "missing_lines": 1, "excluded_lines": 0}, "missing_lines": [1371], "excluded_lines": []}, "NumbaFractionalKernels.gamma_approx": {"executed_lines": [1398, 1401, 1402, 1403, 1404, 1407], "summary": {"covered_li
[...]
, 44, 47, 54, 55], "summary": {"covered_lines": 6, "num_statements": 12, "percent_covered": 50.0, "percent_covered_display": "50", "missing_lines": 6, "excluded_lines": 0}, "missing_lines": [38, 41, 45, 48, 49, 51], "excluded_lines": []}, "AnalyticalSolutions.exponential_derivative": {"executed_lines": [74, 77, 80, 85], "summary": {"covered_lines": 4, "num_statements": 7, "percent_covered": 57.142857142857146, "percent_covered_display": "57", "missing_lines": 3, "excluded_lines": 0}, "missing_lines": [75, 78, 81], "excluded_lines": []}, "AnalyticalSolutions.trigonometric_derivative": {"executed_lines": [102, 105, 113, 121, 123, 124], "summary": {"covered_lines": 6, "num_statements": 19, "percent_covered": 31.57894736842105, "percent_covered_display": "32", "missing_lines": 13, "excluded_lines": 0}, "missing_lines": [103, 106, 107, 108, 109, 111, 114, 115, 116, 117, 125, 126, 128], "excluded_lines": []}, "AnalyticalSolutions.constant_function_derivative": {"executed_lines": [], "summary": {"covered_lines": 0, "num_statements": 8, "percent_covered": 0.0, "percent_covered_display": "0", "missing_lines": 8, "excluded_lines": 0}, "missing_lines": [147, 148, 150, 151, 153, 154, 157, 158], "excluded_lines": []}, "PowerFunctionSolutions.__init__": {"executed_lines": [166], "summary": {"covered_lines": 1, "num_statements": 1, "percent_covered": 100.0, "percent_covered_display": "100", "missing_lines": 0, "excluded_lines": 0}, "missing_lines": [], "excluded_lines": []}, "PowerFunctionSolutions.get_solution": {"executed_lines": [174], "summary": {"covered_lines": 1, "num_statements": 1, "percent_covered": 100.0, "percent_covered_display": "100", "missing_lines": 0, "excluded_lines": 0}, "missing_lines": [], "excluded_lines": []}, "PowerFunctionSolutions.get_test_cases": {"executed_lines": [178], "summary": {"covered_lines": 1, "num_statements": 1, "percent_covered": 100.0, "percent_covered_display": "100", "missing_lines": 0, "excluded_lines": 0}, "missing_lines": [], "excluded_lines": []}, "ExponentialSolutions.__init__": {"executed_lines": [192], "summary": {"covered_lines": 1, "num_statements": 1, "percent_covered": 100.0, "percent_covered_display": "100", "missing_lines": 0, "excluded_lines": 0}, "missing_lines": [], "excluded_lines": []}, "ExponentialSolutions.get_solution": {"executed_lines": [200], "summary": {"covered_lines": 1, "num_statements": 1, "percent_covered": 100.0, "percent_covered_display": "100", "missing_lines": 0, "excluded_lines": 0}, "missing_lines": [], "excluded_lines": []}, "ExponentialSolutions.get_test_cases": {"executed_lines": [204], "summary": {"covered_lines": 1, "num_statements": 1, "percent_covered": 100.0, "percent_covered_display": "100", "missing_lines": 0, "excluded_lines": 0}, "missing_lines": [], "excluded_lines": []}, "TrigonometricSolutions.__init__": {"executed_lines": [217], "summary": {"covered_lines": 1, "num_statements": 1, "percent_covered": 100.0, "percent_covered_display": "100", "missing_lines": 0, "excluded_lines": 0}, "missing_lines": [], "excluded_lines": []}, "TrigonometricSolutions.get_solution": {"executed_lines": [223], "summary": {"covered_lines": 1, "num_statements": 1, "percent_covered": 100.0, "percent_covered_display": "100", "missing_lines": 0, "excluded_lines": 0}, "missing_lines": [], "excluded_lines": []}, "TrigonometricSolutions.get_test_cases": {"executed_lines": [228], "summary": {"covered_lines": 1, "num_statements": 1, "percent_covered": 100.0, "percent_covered_display": "100", "missing_lines": 0, "excluded_lines": 0}, "missing_lines": [], "excluded_lines": []}, "get_analytical_solution": {"executed_lines": [277, 279, 280, 281, 282, 284, 285, 286, 287, 289, 295, 301], "summary": {"covered_lines": 12, "num_statements": 19, "percent_covered": 63.1578947368421, "percent_covered_display": "63", "missing_lines": 7, "excluded_lines": 0}, "missing_lines": [290, 291, 292, 293, 296, 297, 298], "excluded_lines": []}, "validate_against_analytical": {"executed_lines": [324, 326, 327, 328, 330, 331, 333, 336, 339, 341, 364, 366, 367, 368, 370, 388], "summary": {"covered_lines": 16, "num_statements": 19, "percent_covered": 84.21052631578948, "percent_covered_display": "84", "missing_lines": 3, "excluded_lines": 0}, "missing_lines": [352, 353, 379], "excluded_lines": []}, "": {"executed_lines": [1, 9, 10, 11, 14, 15, 17, 20, 57, 87, 130, 161, 162, 164, 168, 176, 187, 188, 190, 194, 202, 212, 213, 215, 219, 226, 262, 304], "summary": {"covered_lines": 23, "num_statements": 23, "percent_covered": 100.0, "percent_covered_display": "100", "missing_lines": 0, "excluded_lines": 0}, "missing_lines": [], "excluded_lines": []}}, "classes": {"AnalyticalSolutions": {"executed_lines": [37, 40, 44, 47, 54, 55, 74, 77, 80, 85, 102, 105, 113, 121, 123, 124], "summary": {"covered_lines": 16, "num_statements": 46, "percent_covered": 34.78260869565217, "percent_covered_display": "35", "missing_lines": 30, "excluded_lines": 0}, "missing_lines": [38, 41, 45, 48, 49, 51, 75, 78, 81, 103, 106, 107, 108, 109, 111, 114, 115, 116, 117, 125, 126, 128, 147, 148, 150, 151, 153, 154, 157, 158], "excluded_lines": []}, "PowerFunctionSolutions": {"executed_lines": [166, 174, 178], "summary": {"covered_lines": 3, "num_statements": 3, "percent_covered": 100.0, "percent_covered_display": "100", "missing_lines": 0, "excluded_lines": 0}, "missing_lines": [], "excluded_lines": []}, "ExponentialSolutions": {"executed_lines": [192, 200, 204], "summary": {"covered_lines": 3, "num_statements": 3, "percent_covered": 100.0, "percent_covered_display": "100", "missing_lines": 0, "excluded_lines": 0}, "missing_lines": [], "excluded_lines": []}, "TrigonometricSolutions": {"executed_lines": [217, 223, 228], "summary": {"covered_lines": 3, "num_statements": 3, "percent_covered": 100.0, "percent_covered_display": "100", "missing_lines": 0, "excluded_lines": 0}, "missing_lines": [], "excluded_lines": []}, "": {"executed_lines": [1, 9, 10, 11, 14, 15, 17, 20, 57, 87, 130, 161, 162, 164, 168, 176, 187, 188, 190, 194, 202, 212, 213, 215, 219, 226, 262, 277, 279, 280, 281, 282, 284, 285, 286, 287, 289, 295, 301, 304, 324, 326, 327, 328, 330, 331, 333, 336, 339, 341, 364, 366, 367, 368, 370, 388], "summary": {"covered_lines": 51, "num_statements": 61, "percent_covered": 83.60655737704919, "percent_covered_display": "84", "missing_lines": 10, "excluded_lines": 0}, "missing_lines": [290, 291, 292, 293, 296, 297, 298, 352, 353, 379], "excluded_lines": []}}}, "hpfracc/validation/benchmarks.py": {"executed_lines": [1, 8, 9, 10, 11, 12, 13, 14, 17, 18, 20, 21, 22, 23, 26, 27, 28, 30, 31, 32, 33, 34, 35, 36, 37, 40, 41, 43, 50, 52, 67, 68, 69, 70, 71, 74, 75, 78, 80, 81, 82, 83, 84, 85, 86, 87, 99, 100, 102, 112, 126, 128, 129, 130, 131, 133, 136, 137, 139, 146, 148, 164, 166, 168, 170, 173, 176, 179, 201, 215, 217, 218, 220, 221, 223, 226, 227, 229, 237, 238, 239, 240, 242, 261, 269, 270, 273, 274, 276, 279, 280, 282, 285, 287, 289, 291, 305, 306, 307, 308, 309, 312, 313, 315, 317, 320, 325, 331, 332, 333, 335, 336, 338, 369, 372, 390, 391, 396, 410, 411, 412, 416, 423, 424, 425, 431, 432, 433, 438, 441, 454, 455, 456, 457, 458, 461, 462, 463, 465, 468, 469, 470, 471, 474, 475, 476, 479, 482, 487, 488, 489, 492, 496, 498, 501, 509], "summary": {"covered_lines": 150, "num_statements": 159, "percent_covered": 94.33962264150944, "percent_covered_display": "94", "missing_lines": 9, "excluded_lines": 0}, "missing_lines": [189, 190, 364, 502, 503, 504, 505, 506, 507], "excluded_lines": [], "functions": {"PerformanceBenchmark.__init__": {"executed_lines": [50], "summary": {"covered_lines": 1, "num_statements": 1, "percent_covered": 100.0, "percent_covered_display": "100", "missing_lines": 0, "excluded_lines": 0}, "missing_lines": [], "excluded_lines": []}, "PerformanceBenchmark.benchmark_method": {"executed_lines": [67, 68, 69, 70, 71, 74, 75, 78, 80, 81, 82, 83, 84, 85, 86, 87, 99, 100, 102], "summary": {"covered_lines": 19, "num_statements": 19, "percent_covered": 100.0, "percent_covered_display": "100", "missing_lines": 0, "excluded_lines": 0}, "missing_lines": [], "excluded_lines": []}, "PerformanceBenchmark.benchmark_multiple_methods": {"executed_lines": [126, 128, 129, 130, 131, 133], "summary": {"covered_lines": 6, "num_statements": 6, "percent_covered": 100.0, "percent_covered_display": "100", "missing_lines": 0, "excluded_lines": 0}, "missing_lines": [], "excluded_lines": []}, "AccuracyBenchmark.__init__": {"executed_lines": [146], "summary": {"covered_lines": 1, "num_statements": 1, "percent_covered": 100.0, "percent_covered_display": "100", "missing_lines": 0, "excluded_lines": 0}, "missing_lines": [], "excluded_lines": []}, "AccuracyBenchmark.benchmark_method": {"executed_lines": [164, 166, 168, 170, 173, 176, 179], "summary": {"covered_lines": 7, "num_statements": 9, "percent_covered": 77.77777777777777, "percent_covered_display": "78", "missing_lines": 2, "excluded_lines": 0}, "missing_lines": [189, 190], "excluded_lines": []}, "AccuracyBenchmark.benchmark_multiple_methods": {"executed_lines": [215, 217, 218, 220, 221, 223], "summary": {"covered_lines": 6, "num_statements": 6, "percent_covered": 100.0, "percent_covered_display": "100", "missing_lines": 0, "excluded_lines": 0}, "missing_lines": [], "excluded_lines": []}, "BenchmarkSuite.__init__": {"executed_lines": [237, 238, 239, 240], "summary": {"covered_lines": 4, "num_statements": 4, "percent_covered": 100.0, "percent_covered_display": "100", "missing_lines": 0, "excluded_lines": 0}, "missing_lines": [], "excluded_lines": []}, "BenchmarkSuite.run_comprehensive_benchmark": {"executed_lines": [261, 269, 270, 273, 274, 276, 279, 280, 282, 285, 287], "summary": {"covered_lines": 11, "num_statements": 11, "percent_covered": 100.0, "percent_covered_display": "100", "missing_lines": 0, "excluded_lines": 0}, "missing_lines": [], "excluded_lines": []}, "BenchmarkSuite._generate_summary": {"executed_lines": [291, 305, 306, 307, 308, 309, 312, 313, 315, 317, 320, 325, 331, 332, 333, 335, 336, 338, 369], "summary": {"covered_lines": 19, "num_statements": 20, "percent_covered": 95.0, "percent_covered_display": "95", "missing_lines": 1, "excluded_lines": 0}, "missing_lines": [364], "excluded_lines": []}, "run_benchmarks": {"executed_lines": [390, 391], "summary": {"covered_lines": 2, "num_statements": 2, "percent_covered": 100.0, "percent_covered_display": "100", "missing_lines": 0, "excluded_lines": 0}, "missing_lines": [], "excluded_lines": []}, "compare_methods": {"executed_lines": [410, 411, 412, 416, 423, 424, 425, 431, 432, 433, 438], "summary": {"covered_lines": 11, "num_statements": 11, "percent_covered": 100.0, "percent_covered_display": "100", "missing_lines": 0, "excluded_lines": 0}, "missing_lines": [], "excluded_lines": []}, "generate_benchmark_report": {"executed_lines": [454, 455, 456, 457, 458, 461, 462, 463, 465, 468, 469, 470, 471, 474, 475, 476, 479, 482, 487, 488, 489, 492, 496, 498, 501, 509], "summary": {"covered_lines": 26, "num_statements": 32, "percent_covered": 81.25, "percent_covered_display": "81", "missing_lines": 6, "excluded_lines": 0}, "missing_lines": [502, 503, 504, 505, 506, 507], "excluded_lines": []}, "": {"executed_lines": [1, 8, 9, 10, 11, 12, 13, 14, 17, 18, 20, 21, 22, 23, 26, 27, 28, 30, 31, 32, 33, 34, 35, 36, 37, 40, 41, 43, 52, 112, 136, 137, 139, 148, 201, 226, 227, 229, 242, 289, 372, 396, 441], "summary": {"covered_lines": 37, "num_statements": 37, "percent_covered": 100.0, "percent_covered_display": "100", "missing_lines": 0, "excluded_lines": 0}, "missing_lines": [], "excluded_lines": []}}, "classes": {"BenchmarkType": {"executed_lines": [], "summary": {"covered_lines": 0, "num_statements": 0, "percent_covered": 100.0, "percent_covered_display": "100", "missing_lines": 0, "excluded_lines": 0}, "missing_lines": [], "excluded_lines": []}, "BenchmarkResult": {"executed_lines": [], "summary": {"covered_lines": 0, "num_statements": 0, "percent_covered": 100.0, "percent_covered_display": "100", "missing_lines": 0, "excluded_lines": 0}, "missing_lines": [], "excluded_lines": []}, "PerformanceBenchmark": {"executed_lines": [50, 67, 68, 69, 70, 71, 74, 75, 78, 80, 81, 82, 83, 84, 85, 86, 87, 99, 100, 102, 126, 128, 129, 130, 131, 133], "summary": {"covered_lines": 26, "num_statements": 26, "percent_covered": 100.0, "percent_covered_display": "100", "missing_lines": 0, "excluded_lines": 0}, "missing_lines": [], "excluded_lines": []}, "AccuracyBenchmark": {"executed_lines": [146, 164, 166, 168, 170, 173, 176, 179, 215, 217, 218, 220, 221, 223], "summary": {"covered_lines": 14, "num_statements": 16, "percent_covered": 87.5, "percent_covered_display": "88", "missing_lines": 2, "excluded_lines": 0}, "missing_lines": [189, 190], "excluded_lines": []}, "BenchmarkSuite": {"executed_lines": [237, 238, 239, 240, 261, 269, 270, 273, 274, 276, 279, 280, 282, 285, 287, 291, 305, 306, 307, 308, 309, 312, 313, 315, 317, 320, 325, 331, 332, 333, 335, 336, 338, 369], "summary": {"covered_lines": 34, "num_statements": 35, "percent_covered": 97.14285714285714, "percent_covered_display": "97", "missing_lines": 1, "excluded_lines": 0}, "missing_lines": [364], "excluded_lines": []}, "": {"executed_lines": [1, 8, 9, 10, 11, 12, 13, 14, 17, 18, 20, 21, 22, 23, 26, 27, 28, 30, 31, 32, 33, 34, 35, 36, 37, 40, 41, 43, 52, 112, 136, 137, 139, 148, 201, 226, 227, 229, 242, 289, 372, 390, 391, 396, 410, 411, 412, 416, 423, 424, 425, 431, 432, 433, 438, 441, 454, 455, 456, 457, 458, 461, 462, 463, 465, 468, 469, 470, 471, 474, 475, 476, 479, 482, 487, 488, 489, 492, 496, 498, 501, 509], "summary": {"covered_lines": 76, "num_statements": 82, "percent_covered": 92.6829268292683, "percent_covered_display": "93", "missing_lines": 6, "excluded_lines": 0}, "missing_lines": [502, 503, 504, 505, 506, 507], "excluded_lines": []}}}, "hpfracc/validation/convergence_tests.py": {"executed_lines": [1, 8, 9, 10, 11, 14, 15, 17, 18, 19, 20, 23, 24, 26, 33, 35, 56, 58, 59, 61, 62, 64, 67, 70, 73, 74, 75, 76, 77, 78, 82, 89, 90, 95, 96, 99, 103, 113, 126, 131, 132, 136, 138, 140, 142, 161, 162, 164, 165, 166, 174, 177, 178, 180, 187, 188, 190, 209, 212, 218, 220, 221, 223, 228, 229, 230, 231, 235, 243, 244, 245, 256, 259, 260, 280, 282, 316, 348, 366, 367, 372, 390, 391, 396, 409, 413, 414, 417, 418, 420], "summary": {"covered_lines": 86, "num_statements": 111, "percent_covered": 77.47747747747748, "percent_covered_display": "77", "missing_lines": 25, "excluded_lines": 0}, "missing_lines": [80, 84, 85, 86, 91, 127, 169, 170, 172, 210, 233, 247, 248, 271, 301, 302, 304, 305, 309, 314, 333, 334, 336, 338, 410], "excluded_lines": [], "functions": {"ConvergenceTester.__init__": {"executed_lines": [33], "summary": {"covered_lines": 1, "num_statements": 1, "percent_covered": 100.0, "percent_covered_display": "100", "missing_lines": 0, "excluded_lines": 0}, "missing_lines": [], "excluded_lines": []}, "ConvergenceTester.test_convergence": {"executed_lines": [56, 58, 59, 61, 62, 64, 67, 70, 73, 74, 75, 76, 77, 78, 82, 89, 90, 95, 96, 99, 103], "summary": {"covered_lines": 21, "num_statements": 26, "percent_covered": 80.76923076923077, "percent_covered_display": "81", "missing_lines": 5, "excluded_lines": 0}, "missing_lines": [80, 84, 85, 86, 91], "excluded_lines": []}, "ConvergenceTester._compute_convergence_rate": {"executed_lines": [126, 131, 132, 136, 138, 140], "summary": {"covered_lines": 6, "num_statements": 7, "percent_covered": 85.71428571428571, "percent_covered_display": "86", "missing_lines": 1, "excluded_lines": 0}, "missing_lines": [127], "excluded_lines": []}, "ConvergenceTester.test_multiple_norms": {"executed_lines": [161, 162, 164, 165, 166, 174], "summary": {"covered_lines": 6, "num_statements": 9, "percent_covered": 66.66666666666667, "percent_covered_display": "67", "missing_lines": 3, "excluded_lines": 0}, "missing_lines": [169, 170, 172], "excluded_lines": []}, "ConvergenceAnalyzer.__init__": {"executed_lines": [187, 188], "summary": {"covered_lines": 2, "num_statements": 2, "percent_covered": 100.0, "percent_covered_display": "100", "missing_lines": 0, "excluded_lines": 0}, "missing_lines": [], "excluded_lines": []}, "ConvergenceAnalyzer.analyze_method_convergence": {"executed_lines": [209, 212, 218, 220, 221, 223, 228, 229, 230, 231, 235, 243, 244, 245, 256, 259, 260, 280], "summary": {"covered_lines": 18, "num_statements": 23, "percent_covered": 78.26086956521739, "percent_covered_display": "78", "missing_lines": 5, "excluded_lines": 0}, "missing_lines": [210, 233, 247, 248, 271], "excluded_lines": []}, "ConvergenceAnalyzer.estimate_optimal_grid_size": {"executed_lines": [], "summary": {"covered_lines": 0, "num_statements": 6, "percent_covered": 0.0, "percent_covered_display": "0", "missing_lines": 6, "excluded_lines": 0}, "missing_lines": [301, 302, 304, 305, 309, 314], "excluded_lines": []}, "ConvergenceAnalyzer.validate_convergence_order": {"executed_lines": [], "summary": {"covered_lines": 0, "num_statements": 4, "percent_covered": 0.0, "percent_covered_display": "0", "missing_lines": 4, "excluded_lines": 0}, "missing_lines": [333, 334, 336, 338], "excluded_lines": []}, "run_convergence_study": {"executed_lines": [366, 367], "summary": {"covered_lines": 2, "num_statements": 2, "percent_covered": 100.0, "percent_covered_display": "100", "missing_lines": 0, "excluded_lines": 0}, "missing_lines": [], "excluded_lines": []}, "run_method_convergence_test": {"executed_lines": [390, 391], "summary": {"covered_lines": 2, "num_statements": 2, "percent_covered": 100.0, "percent_covered_display": "100", "missing_lines": 0, "excluded_lines": 0}, "missing_lines": [], "excluded_lines": []}, "estimate_convergence_rate": {"executed_lines": [409, 413, 414, 417, 418, 420], "summary": {"covered_lines": 6, "num_statements": 7, "percent_covered": 85.71428571428571, "percent_covered_display": "86", "missing_lines": 1, "excluded_lines": 0}, "missing_lines": [410], "excluded_lines": []}, "": {"executed_lines": [1, 8, 9, 10, 11, 14, 15, 17, 18, 19, 20, 23, 24, 26, 35, 113, 142, 177, 178, 180, 190, 282, 316, 348, 372, 396], "summary": {"covered_lines": 22, "num_statements": 22, "percent_covered": 100.0, "percent_covered_display": "100", "missing_lines": 0, "excluded_lines": 0}, "missing_lines": [], "excluded_lines": []}}, "classes": {"OrderOfAccuracy": {"executed_lines": [], "summary": {"covered_lines": 0, "num_statements": 0, "percent_covered": 100.0, "percent_covered_display": "100", "missing_lines": 0, "excluded_lines": 0}, "missing_lines": [], "excluded_lines": []}, "ConvergenceTester": {"executed_lines": [33, 56, 58, 59, 61, 62, 64, 67, 70, 73, 74, 75, 76, 77, 78, 82, 89, 90, 95, 96, 99, 103, 126, 131, 132, 136, 138, 140, 161, 162, 164, 165, 166, 174], "summary": {"covered_lines": 34, "num_statements": 43, "percent_covered": 79.06976744186046, "percent_covered_display": "79", "missing_lines": 9, "excluded_lines": 0}, "missing_lines": [80, 84, 85, 86, 91, 127, 169, 170, 172], "excluded_lines": []}, "ConvergenceAnalyzer": {"executed_lines": [187, 188, 209, 212, 218, 220, 221, 223, 228, 229, 230, 231, 235, 243, 244, 245, 256, 259, 260, 280], "summary": {"covered_lines": 20, "num_statements": 35, "percent_covered": 57.142857142857146, "percent_covered_display": "57", "missing_lines": 15, "excluded_lines": 0}, "missing_lines": [210, 233, 247, 248, 271, 301, 302, 304, 305, 309, 314, 333, 334, 336, 338], "excluded_lines": []}, "": {"executed_lines": [1, 8, 9, 10, 11, 14, 15, 17, 18, 19, 20, 23, 24, 26, 35, 113, 142, 177, 178, 180, 190, 282, 316, 348, 366, 367, 372, 390, 391, 396, 409, 413, 414, 417, 418, 420], "summary": {"covered_lines": 32, "num_statements": 33, "percent_covered": 96.96969696969697, "percent_covered_display": "97", "missing_lines": 1, "excluded_lines": 0}, "missing_lines": [410], "excluded_lines": []}}}}, "totals": {"covered_lines": 8857, "num_statements": 14995, "percent_covered": 59.06635545181727, "percent_covered_display": "59", "missing_lines": 6138, "excluded_lines": 243}}